2026-07-13 13:10:02 linked=0 rules_triggered=0 swing_events=0 telegram_sent=0 (telegram off — set TELEGRAM_BOT_TOKEN)
2026-07-13 13:20:02 linked=0 rules_triggered=0 swing_events=0 telegram_sent=0 (telegram off — set TELEGRAM_BOT_TOKEN)
2026-07-13 13:30:03 linked=0 rules_triggered=0 swing_events=0 telegram_sent=0 (telegram off — set TELEGRAM_BOT_TOKEN)
2026-07-13 13:40:02 linked=0 rules_triggered=0 swing_events=0 telegram_sent=0 (telegram off — set TELEGRAM_BOT_TOKEN)
2026-07-13 13:50:04 linked=1 rules_triggered=0 swing_events=0 telegram_sent=0 (telegram ON)
2026-07-13 14:00:03 linked=0 rules_triggered=0 swing_events=0 telegram_sent=0 (telegram ON)
2026-07-13 14:10:04 linked=0 rules_triggered=0 swing_events=0 telegram_sent=0 (telegram ON)
2026-07-13 14:20:02 linked=0 rules_triggered=0 swing_events=0 telegram_sent=0 (telegram ON)
2026-07-13 14:30:03 linked=0 rules_triggered=0 swing_events=0 telegram_sent=0 (telegram ON)
2026-07-13 14:40:03 linked=0 rules_triggered=0 swing_events=0 telegram_sent=0 (telegram ON)
2026-07-13 14:50:04 linked=0 rules_triggered=0 swing_events=0 telegram_sent=0 (telegram ON)
2026-07-13 15:00:02 linked=0 rules_triggered=0 swing_events=0 telegram_sent=0 (telegram ON)
2026-07-13 15:10:04 linked=0 rules_triggered=0 swing_events=0 telegram_sent=0 (telegram ON)
2026-07-13 15:20:04 linked=0 rules_triggered=0 swing_events=0 telegram_sent=0 (telegram ON)
2026-07-13 15:30:04 linked=0 rules_triggered=0 swing_events=0 telegram_sent=0 (telegram ON)
2026-07-13 15:40:03 linked=0 rules_triggered=0 swing_events=0 telegram_sent=0 (telegram ON)
2026-07-13 15:52:04 linked=0 rules_triggered=0 swing_events=0 telegram_sent=0 (telegram ON)
2026-07-13 16:30:03 linked=0 rules_triggered=0 swing_events=0 telegram_sent=0 (telegram ON)
2026-07-13 16:40:04 linked=0 rules_triggered=0 swing_events=0 telegram_sent=0 (telegram ON)
2026-07-13 16:50:03 linked=0 rules_triggered=0 swing_events=0 telegram_sent=0 (telegram ON)
2026-07-13 17:00:03 linked=0 rules_triggered=0 swing_events=0 telegram_sent=0 (telegram ON)
2026-07-13 17:10:03 linked=0 rules_triggered=0 swing_events=0 telegram_sent=0 (telegram ON)
2026-07-13 17:20:02 linked=0 rules_triggered=0 swing_events=0 telegram_sent=0 (telegram ON)
2026-07-13 17:30:02 linked=0 rules_triggered=0 swing_events=0 telegram_sent=0 (telegram ON)
2026-07-13 18:00:04 linked=0 rules_triggered=0 swing_events=0 telegram_sent=0 (telegram ON)
2026-07-13 18:10:03 linked=0 rules_triggered=0 swing_events=0 telegram_sent=0 (telegram ON)
2026-07-13 18:20:03 linked=0 rules_triggered=0 swing_events=0 telegram_sent=0 (telegram ON)
2026-07-13 18:34:01 linked=0 rules_triggered=0 swing_events=0 telegram_sent=0 (telegram ON)
2026-07-13 19:00:03 linked=0 rules_triggered=0 swing_events=0 telegram_sent=0 (telegram ON)
2026-07-13 19:10:02 linked=0 rules_triggered=0 swing_events=0 telegram_sent=0 (telegram ON)
2026-07-13 19:20:02 linked=0 rules_triggered=0 swing_events=0 telegram_sent=0 (telegram ON)
2026-07-13 19:30:02 linked=0 rules_triggered=0 swing_events=0 telegram_sent=0 (telegram ON)
2026-07-13 19:40:02 linked=0 rules_triggered=0 swing_events=0 telegram_sent=0 (telegram ON)
2026-07-13 19:50:03 linked=0 rules_triggered=0 swing_events=0 telegram_sent=0 (telegram ON)
2026-07-13 20:01:25 linked=0 rules_triggered=0 swing_events=0 telegram_sent=0 (telegram ON)
2026-07-13 20:10:03 linked=0 rules_triggered=0 swing_events=0 telegram_sent=0 (telegram ON)
2026-07-13 20:20:03 linked=0 rules_triggered=0 swing_events=0 telegram_sent=0 (telegram ON)
2026-07-13 20:30:03 linked=0 rules_triggered=0 swing_events=0 telegram_sent=0 (telegram ON)
2026-07-13 20:40:03 linked=0 rules_triggered=0 swing_events=0 telegram_sent=0 (telegram ON)
2026-07-13 20:50:02 linked=0 rules_triggered=0 swing_events=0 telegram_sent=0 (telegram ON)
2026-07-13 21:00:03 linked=0 rules_triggered=0 swing_events=0 telegram_sent=0 (telegram ON)
2026-07-13 21:10:04 linked=0 rules_triggered=0 swing_events=0 telegram_sent=0 (telegram ON)
2026-07-13 21:20:02 linked=0 rules_triggered=0 swing_events=0 telegram_sent=0 (telegram ON)
2026-07-13 21:30:02 linked=0 rules_triggered=0 swing_events=0 telegram_sent=0 (telegram ON)
2026-07-13 21:40:02 linked=0 rules_triggered=0 swing_events=0 telegram_sent=0 (telegram ON)
2026-07-13 21:50:02 linked=0 rules_triggered=0 swing_events=0 telegram_sent=0 (telegram ON)
2026-07-13 22:00:04 linked=0 rules_triggered=0 swing_events=0 telegram_sent=0 (telegram ON)
2026-07-13 22:10:03 linked=0 rules_triggered=0 swing_events=0 telegram_sent=0 (telegram ON)
2026-07-13 22:20:03 linked=0 rules_triggered=0 swing_events=0 telegram_sent=0 (telegram ON)
2026-07-13 22:30:03 linked=0 rules_triggered=0 swing_events=0 telegram_sent=0 (telegram ON)
2026-07-13 22:40:03 linked=0 rules_triggered=0 swing_events=0 telegram_sent=0 (telegram ON)
2026-07-13 22:50:03 linked=0 rules_triggered=0 swing_events=0 telegram_sent=0 (telegram ON)
2026-07-13 23:00:02 linked=0 rules_triggered=0 swing_events=0 telegram_sent=0 (telegram ON)
2026-07-13 23:10:02 linked=0 rules_triggered=0 swing_events=0 telegram_sent=0 (telegram ON)
2026-07-13 23:22:03 linked=0 rules_triggered=0 swing_events=0 telegram_sent=0 (telegram ON)
2026-07-14 03:50:03 linked=0 rules_triggered=0 swing_events=0 telegram_sent=0 (telegram ON)
2026-07-14 05:00:21 linked=0 rules_triggered=0 swing_events=0 telegram_sent=0 (telegram ON)
2026-07-14 06:00:03 linked=0 rules_triggered=0 swing_events=0 telegram_sent=0 (telegram ON)
2026-07-14 08:02:21 linked=0 rules_triggered=0 swing_events=0 telegram_sent=0 (telegram ON)
Traceback (most recent call last):
  File "/Users/srikrishnasingh/AG1 BB/PEESTOCKS/backend/venv/lib/python3.9/site-packages/sqlalchemy/engine/base.py", line 1967, in _exec_single_context
    self.dialect.do_execute(
  File "/Users/srikrishnasingh/AG1 BB/PEESTOCKS/backend/venv/lib/python3.9/site-packages/sqlalchemy/engine/default.py", line 952, in do_execute
    cursor.execute(statement, parameters)
sqlite3.OperationalError: database is locked

The above exception was the direct cause of the following exception:

Traceback (most recent call last):
  File "/Users/srikrishnasingh/AG1 BB/PEESTOCKS/backend/scripts/check_alerts.py", line 222, in <module>
    main()
  File "/Users/srikrishnasingh/AG1 BB/PEESTOCKS/backend/scripts/check_alerts.py", line 213, in main
    swing = check_swing_events(session)
  File "/Users/srikrishnasingh/AG1 BB/PEESTOCKS/backend/scripts/check_alerts.py", line 161, in check_swing_events
    session.execute(text(
  File "/Users/srikrishnasingh/AG1 BB/PEESTOCKS/backend/venv/lib/python3.9/site-packages/sqlalchemy/orm/session.py", line 2351, in execute
    return self._execute_internal(
  File "/Users/srikrishnasingh/AG1 BB/PEESTOCKS/backend/venv/lib/python3.9/site-packages/sqlalchemy/orm/session.py", line 2258, in _execute_internal
    result = conn.execute(
  File "/Users/srikrishnasingh/AG1 BB/PEESTOCKS/backend/venv/lib/python3.9/site-packages/sqlalchemy/engine/base.py", line 1419, in execute
    return meth(
  File "/Users/srikrishnasingh/AG1 BB/PEESTOCKS/backend/venv/lib/python3.9/site-packages/sqlalchemy/sql/elements.py", line 527, in _execute_on_connection
    return connection._execute_clauseelement(
  File "/Users/srikrishnasingh/AG1 BB/PEESTOCKS/backend/venv/lib/python3.9/site-packages/sqlalchemy/engine/base.py", line 1641, in _execute_clauseelement
    ret = self._execute_context(
  File "/Users/srikrishnasingh/AG1 BB/PEESTOCKS/backend/venv/lib/python3.9/site-packages/sqlalchemy/engine/base.py", line 1846, in _execute_context
    return self._exec_single_context(
  File "/Users/srikrishnasingh/AG1 BB/PEESTOCKS/backend/venv/lib/python3.9/site-packages/sqlalchemy/engine/base.py", line 1986, in _exec_single_context
    self._handle_dbapi_exception(
  File "/Users/srikrishnasingh/AG1 BB/PEESTOCKS/backend/venv/lib/python3.9/site-packages/sqlalchemy/engine/base.py", line 2363, in _handle_dbapi_exception
    raise sqlalchemy_exception.with_traceback(exc_info[2]) from e
  File "/Users/srikrishnasingh/AG1 BB/PEESTOCKS/backend/venv/lib/python3.9/site-packages/sqlalchemy/engine/base.py", line 1967, in _exec_single_context
    self.dialect.do_execute(
  File "/Users/srikrishnasingh/AG1 BB/PEESTOCKS/backend/venv/lib/python3.9/site-packages/sqlalchemy/engine/default.py", line 952, in do_execute
    cursor.execute(statement, parameters)
sqlalchemy.exc.OperationalError: (sqlite3.OperationalError) database is locked
[SQL: INSERT INTO triggered_alerts (alert_rule_id, user_id, instrument_id, pattern_type, message, triggered_at, is_read) VALUES (?, ?, ?, ?, ?, ?, 0)]
[parameters: (1, '5b818debd87b439ab532ac746e948644', 1480, 'pt_stop_d21d1ef4e6cd41e6b7c8e51f87d3ecfb', '🛑 PIDILITIND: stop ₹1562.70 was hit on 2026-07-13. Paper trade closed at the stop.', '2026-07-14T03:50:03.513494')]
(Background on this error at: https://sqlalche.me/e/20/e3q8)
2026-07-14 09:30:04 linked=0 rules_triggered=0 swing_events=1 telegram_sent=1 (telegram ON)
2026-07-14 09:40:03 linked=0 rules_triggered=0 swing_events=0 telegram_sent=0 (telegram ON)
2026-07-14 09:50:03 linked=0 rules_triggered=0 swing_events=0 telegram_sent=0 (telegram ON)
2026-07-14 10:00:03 linked=0 rules_triggered=0 swing_events=0 telegram_sent=0 (telegram ON)
2026-07-14 10:10:03 linked=0 rules_triggered=0 swing_events=0 telegram_sent=0 (telegram ON)
2026-07-14 10:20:03 linked=0 rules_triggered=0 swing_events=0 telegram_sent=0 (telegram ON)
2026-07-14 10:30:03 linked=0 rules_triggered=0 swing_events=0 telegram_sent=0 (telegram ON)
2026-07-14 10:40:03 linked=0 rules_triggered=0 swing_events=0 telegram_sent=0 (telegram ON)
2026-07-14 10:50:03 linked=0 rules_triggered=0 swing_events=0 telegram_sent=0 (telegram ON)
2026-07-14 11:00:03 linked=0 rules_triggered=0 swing_events=0 telegram_sent=0 (telegram ON)
2026-07-14 11:10:03 linked=0 rules_triggered=0 swing_events=0 telegram_sent=0 (telegram ON)
2026-07-14 11:20:03 linked=0 rules_triggered=0 swing_events=0 telegram_sent=0 (telegram ON)
2026-07-14 11:30:04 linked=0 rules_triggered=0 swing_events=0 telegram_sent=0 (telegram ON)
2026-07-14 11:40:02 linked=0 rules_triggered=0 swing_events=0 telegram_sent=0 (telegram ON)
2026-07-14 11:50:03 linked=0 rules_triggered=0 swing_events=0 telegram_sent=0 (telegram ON)
2026-07-14 12:00:03 linked=0 rules_triggered=0 swing_events=0 telegram_sent=0 (telegram ON)
2026-07-14 12:10:02 linked=0 rules_triggered=0 swing_events=0 telegram_sent=0 (telegram ON)
2026-07-14 12:20:03 linked=0 rules_triggered=0 swing_events=0 telegram_sent=0 (telegram ON)
2026-07-14 12:30:02 linked=0 rules_triggered=0 swing_events=0 telegram_sent=0 (telegram ON)
2026-07-14 12:40:03 linked=0 rules_triggered=0 swing_events=0 telegram_sent=0 (telegram ON)
2026-07-14 12:50:03 linked=0 rules_triggered=0 swing_events=0 telegram_sent=0 (telegram ON)
2026-07-14 13:00:03 linked=0 rules_triggered=0 swing_events=0 telegram_sent=0 (telegram ON)
2026-07-14 13:10:06 linked=0 rules_triggered=0 swing_events=0 telegram_sent=0 (telegram ON)
2026-07-14 13:20:03 linked=0 rules_triggered=0 swing_events=0 telegram_sent=0 (telegram ON)
2026-07-14 13:30:06 linked=0 rules_triggered=0 swing_events=0 telegram_sent=0 (telegram ON)
2026-07-14 13:40:02 linked=0 rules_triggered=0 swing_events=0 telegram_sent=0 (telegram ON)
2026-07-14 13:50:13 linked=0 rules_triggered=0 swing_events=0 telegram_sent=0 (telegram ON)
2026-07-14 14:00:14 linked=0 rules_triggered=0 swing_events=0 telegram_sent=0 (telegram ON)
2026-07-14 14:10:04 linked=0 rules_triggered=0 swing_events=0 telegram_sent=0 (telegram ON)
2026-07-14 14:20:05 linked=0 rules_triggered=0 swing_events=0 telegram_sent=0 (telegram ON)
2026-07-14 14:30:07 linked=0 rules_triggered=0 swing_events=0 telegram_sent=0 (telegram ON)
2026-07-14 14:40:03 linked=0 rules_triggered=0 swing_events=0 telegram_sent=0 (telegram ON)
2026-07-14 14:50:04 linked=0 rules_triggered=0 swing_events=0 telegram_sent=0 (telegram ON)
2026-07-14 15:00:03 linked=0 rules_triggered=0 swing_events=0 telegram_sent=0 (telegram ON)
2026-07-14 15:10:03 linked=0 rules_triggered=0 swing_events=0 telegram_sent=0 (telegram ON)
2026-07-14 15:20:03 linked=0 rules_triggered=0 swing_events=0 telegram_sent=0 (telegram ON)
2026-07-14 15:30:03 linked=0 rules_triggered=0 swing_events=0 telegram_sent=0 (telegram ON)
2026-07-14 15:40:03 linked=0 rules_triggered=0 swing_events=0 telegram_sent=0 (telegram ON)
2026-07-14 15:50:03 linked=0 rules_triggered=0 swing_events=0 telegram_sent=0 (telegram ON)
2026-07-14 16:00:03 linked=0 rules_triggered=0 swing_events=0 telegram_sent=0 (telegram ON)
2026-07-14 16:10:03 linked=0 rules_triggered=0 swing_events=0 telegram_sent=0 (telegram ON)
2026-07-14 16:30:28 linked=0 rules_triggered=0 swing_events=0 telegram_sent=0 (telegram ON)
2026-07-14 18:00:05 linked=0 rules_triggered=0 swing_events=0 telegram_sent=0 (telegram ON)
2026-07-14 18:10:03 linked=0 rules_triggered=0 swing_events=0 telegram_sent=0 (telegram ON)
2026-07-14 18:20:04 linked=0 rules_triggered=0 swing_events=0 telegram_sent=0 (telegram ON)
2026-07-14 18:30:03 linked=0 rules_triggered=0 swing_events=0 telegram_sent=0 (telegram ON)
2026-07-14 18:40:03 linked=0 rules_triggered=0 swing_events=0 telegram_sent=0 (telegram ON)
2026-07-14 18:50:03 linked=0 rules_triggered=0 swing_events=0 telegram_sent=0 (telegram ON)
2026-07-14 19:00:03 linked=0 rules_triggered=0 swing_events=0 telegram_sent=0 (telegram ON)
2026-07-14 19:10:03 linked=0 rules_triggered=0 swing_events=0 telegram_sent=0 (telegram ON)
2026-07-14 19:20:03 linked=0 rules_triggered=0 swing_events=0 telegram_sent=0 (telegram ON)
2026-07-14 19:30:03 linked=0 rules_triggered=0 swing_events=0 telegram_sent=0 (telegram ON)
2026-07-14 19:40:03 linked=0 rules_triggered=0 swing_events=0 telegram_sent=0 (telegram ON)
2026-07-14 20:30:03 linked=0 rules_triggered=0 swing_events=0 telegram_sent=0 (telegram ON)
2026-07-14 20:40:03 linked=0 rules_triggered=0 swing_events=0 telegram_sent=0 (telegram ON)
2026-07-14 20:50:04 linked=0 rules_triggered=0 swing_events=0 telegram_sent=0 (telegram ON)
2026-07-14 21:00:03 linked=0 rules_triggered=0 swing_events=0 telegram_sent=0 (telegram ON)
2026-07-14 21:10:03 linked=0 rules_triggered=0 swing_events=0 telegram_sent=0 (telegram ON)
2026-07-14 21:20:04 linked=0 rules_triggered=0 swing_events=0 telegram_sent=0 (telegram ON)
2026-07-14 21:30:03 linked=0 rules_triggered=0 swing_events=0 telegram_sent=0 (telegram ON)
2026-07-14 21:40:03 linked=0 rules_triggered=0 swing_events=0 telegram_sent=0 (telegram ON)
2026-07-14 21:50:03 linked=0 rules_triggered=0 swing_events=0 telegram_sent=0 (telegram ON)
2026-07-14 22:00:03 linked=0 rules_triggered=0 swing_events=0 telegram_sent=0 (telegram ON)
2026-07-14 22:10:03 linked=0 rules_triggered=0 swing_events=0 telegram_sent=0 (telegram ON)
2026-07-14 22:20:03 linked=0 rules_triggered=0 swing_events=0 telegram_sent=0 (telegram ON)
2026-07-14 22:30:03 linked=0 rules_triggered=0 swing_events=0 telegram_sent=0 (telegram ON)
2026-07-14 22:40:03 linked=0 rules_triggered=0 swing_events=0 telegram_sent=0 (telegram ON)
2026-07-14 22:50:03 linked=0 rules_triggered=0 swing_events=0 telegram_sent=0 (telegram ON)
2026-07-14 23:20:03 linked=0 rules_triggered=0 swing_events=0 telegram_sent=0 (telegram ON)
2026-07-15 11:50:05 linked=0 rules_triggered=0 swing_events=0 telegram_sent=0 (telegram ON)
2026-07-15 12:00:03 linked=0 rules_triggered=0 swing_events=0 telegram_sent=0 (telegram ON)
2026-07-15 12:10:03 linked=0 rules_triggered=0 swing_events=0 telegram_sent=0 (telegram ON)
2026-07-15 12:20:03 linked=0 rules_triggered=0 swing_events=0 telegram_sent=0 (telegram ON)
2026-07-15 12:30:03 linked=0 rules_triggered=0 swing_events=0 telegram_sent=0 (telegram ON)
2026-07-15 12:40:03 linked=0 rules_triggered=0 swing_events=0 telegram_sent=0 (telegram ON)
2026-07-15 12:50:04 linked=0 rules_triggered=0 swing_events=0 telegram_sent=0 (telegram ON)
2026-07-15 13:00:03 linked=0 rules_triggered=0 swing_events=0 telegram_sent=0 (telegram ON)
2026-07-15 13:10:03 linked=0 rules_triggered=0 swing_events=0 telegram_sent=0 (telegram ON)
2026-07-15 13:20:04 linked=0 rules_triggered=0 swing_events=0 telegram_sent=0 (telegram ON)
2026-07-15 13:30:03 linked=0 rules_triggered=0 swing_events=0 telegram_sent=0 (telegram ON)
2026-07-15 18:10:03 linked=0 rules_triggered=0 swing_events=0 telegram_sent=0 (telegram ON)
2026-07-15 18:20:02 linked=0 rules_triggered=0 swing_events=0 telegram_sent=0 (telegram ON)
2026-07-15 18:30:03 linked=0 rules_triggered=0 swing_events=0 telegram_sent=0 (telegram ON)
2026-07-15 18:40:03 linked=0 rules_triggered=0 swing_events=0 telegram_sent=0 (telegram ON)
2026-07-15 18:50:03 linked=0 rules_triggered=0 swing_events=0 telegram_sent=0 (telegram ON)
2026-07-15 19:00:03 linked=0 rules_triggered=0 swing_events=0 telegram_sent=0 (telegram ON)
2026-07-15 19:10:08 linked=0 rules_triggered=0 swing_events=0 telegram_sent=0 (telegram ON)
2026-07-15 19:20:03 linked=0 rules_triggered=0 swing_events=0 telegram_sent=0 (telegram ON)
2026-07-15 19:30:04 linked=0 rules_triggered=0 swing_events=0 telegram_sent=0 (telegram ON)
2026-07-15 19:40:03 linked=0 rules_triggered=0 swing_events=0 telegram_sent=0 (telegram ON)
2026-07-15 19:50:03 linked=0 rules_triggered=0 swing_events=0 telegram_sent=0 (telegram ON)
2026-07-15 20:00:03 linked=0 rules_triggered=0 swing_events=0 telegram_sent=0 (telegram ON)
2026-07-15 20:10:03 linked=0 rules_triggered=0 swing_events=0 telegram_sent=0 (telegram ON)
2026-07-15 20:20:03 linked=0 rules_triggered=0 swing_events=0 telegram_sent=0 (telegram ON)
2026-07-15 20:30:03 linked=0 rules_triggered=0 swing_events=0 telegram_sent=0 (telegram ON)
2026-07-15 20:40:03 linked=0 rules_triggered=0 swing_events=0 telegram_sent=0 (telegram ON)
2026-07-15 20:50:03 linked=0 rules_triggered=0 swing_events=0 telegram_sent=0 (telegram ON)
2026-07-15 21:00:03 linked=0 rules_triggered=0 swing_events=0 telegram_sent=0 (telegram ON)
2026-07-15 21:10:04 linked=0 rules_triggered=0 swing_events=0 telegram_sent=0 (telegram ON)
2026-07-15 21:20:04 linked=0 rules_triggered=0 swing_events=0 telegram_sent=0 (telegram ON)
2026-07-15 21:30:03 linked=0 rules_triggered=0 swing_events=0 telegram_sent=0 (telegram ON)
2026-07-15 21:40:03 linked=0 rules_triggered=0 swing_events=0 telegram_sent=0 (telegram ON)
2026-07-15 21:50:04 linked=0 rules_triggered=0 swing_events=0 telegram_sent=0 (telegram ON)
2026-07-15 22:00:04 linked=0 rules_triggered=0 swing_events=0 telegram_sent=0 (telegram ON)
2026-07-15 23:00:03 linked=0 rules_triggered=0 swing_events=0 telegram_sent=0 (telegram ON)
2026-07-15 23:10:03 linked=0 rules_triggered=0 swing_events=0 telegram_sent=0 (telegram ON)
2026-07-15 23:20:03 linked=0 rules_triggered=0 swing_events=0 telegram_sent=0 (telegram ON)
2026-07-15 23:40:07 linked=0 rules_triggered=0 swing_events=0 telegram_sent=0 (telegram ON)
2026-07-16 00:00:06 linked=0 rules_triggered=0 swing_events=0 telegram_sent=0 (telegram ON)
2026-07-16 00:10:03 linked=0 rules_triggered=0 swing_events=0 telegram_sent=0 (telegram ON)
2026-07-16 00:20:03 linked=0 rules_triggered=0 swing_events=0 telegram_sent=0 (telegram ON)
2026-07-16 00:30:03 linked=0 rules_triggered=0 swing_events=0 telegram_sent=0 (telegram ON)
2026-07-16 00:40:03 linked=0 rules_triggered=0 swing_events=0 telegram_sent=0 (telegram ON)
2026-07-16 00:50:03 linked=0 rules_triggered=0 swing_events=0 telegram_sent=0 (telegram ON)
2026-07-16 01:23:24 linked=0 rules_triggered=0 swing_events=0 telegram_sent=0 (telegram ON)
2026-07-16 05:20:03 linked=0 rules_triggered=0 swing_events=0 telegram_sent=0 (telegram ON)
2026-07-16 07:38:57 linked=0 rules_triggered=0 swing_events=0 telegram_sent=0 (telegram ON)
2026-07-16 09:30:04 linked=0 rules_triggered=0 swing_events=0 telegram_sent=0 (telegram ON)
2026-07-16 09:40:04 linked=0 rules_triggered=0 swing_events=0 telegram_sent=0 (telegram ON)
2026-07-16 09:50:03 linked=0 rules_triggered=0 swing_events=0 telegram_sent=0 (telegram ON)
2026-07-16 10:00:03 linked=0 rules_triggered=0 swing_events=0 telegram_sent=0 (telegram ON)
2026-07-16 10:10:03 linked=0 rules_triggered=0 swing_events=0 telegram_sent=0 (telegram ON)
2026-07-16 10:20:03 linked=0 rules_triggered=0 swing_events=0 telegram_sent=0 (telegram ON)
2026-07-16 10:30:03 linked=0 rules_triggered=0 swing_events=0 telegram_sent=0 (telegram ON)
2026-07-16 10:40:03 linked=0 rules_triggered=0 swing_events=0 telegram_sent=0 (telegram ON)
2026-07-16 10:50:04 linked=0 rules_triggered=0 swing_events=0 telegram_sent=0 (telegram ON)
2026-07-16 11:00:05 linked=0 rules_triggered=0 swing_events=0 telegram_sent=0 (telegram ON)
2026-07-16 11:10:03 linked=0 rules_triggered=0 swing_events=0 telegram_sent=0 (telegram ON)
2026-07-16 11:20:03 linked=0 rules_triggered=0 swing_events=0 telegram_sent=0 (telegram ON)
2026-07-16 11:30:03 linked=0 rules_triggered=0 swing_events=0 telegram_sent=0 (telegram ON)
2026-07-16 11:40:03 linked=0 rules_triggered=0 swing_events=0 telegram_sent=0 (telegram ON)
2026-07-16 11:50:03 linked=0 rules_triggered=0 swing_events=0 telegram_sent=0 (telegram ON)
2026-07-16 12:00:03 linked=0 rules_triggered=0 swing_events=0 telegram_sent=0 (telegram ON)
2026-07-16 12:10:03 linked=0 rules_triggered=0 swing_events=0 telegram_sent=0 (telegram ON)
2026-07-16 12:20:03 linked=0 rules_triggered=0 swing_events=0 telegram_sent=0 (telegram ON)
2026-07-16 12:30:03 linked=0 rules_triggered=0 swing_events=0 telegram_sent=0 (telegram ON)
2026-07-16 12:40:03 linked=0 rules_triggered=0 swing_events=0 telegram_sent=0 (telegram ON)
2026-07-16 12:50:04 linked=0 rules_triggered=0 swing_events=0 telegram_sent=0 (telegram ON)
2026-07-16 13:00:04 linked=0 rules_triggered=0 swing_events=0 telegram_sent=0 (telegram ON)
2026-07-16 13:10:03 linked=0 rules_triggered=0 swing_events=0 telegram_sent=0 (telegram ON)
2026-07-16 13:20:03 linked=0 rules_triggered=0 swing_events=0 telegram_sent=0 (telegram ON)
2026-07-16 13:30:03 linked=0 rules_triggered=0 swing_events=0 telegram_sent=0 (telegram ON)
2026-07-16 13:40:03 linked=0 rules_triggered=0 swing_events=0 telegram_sent=0 (telegram ON)
2026-07-16 13:50:04 linked=0 rules_triggered=0 swing_events=0 telegram_sent=0 (telegram ON)
2026-07-16 14:00:03 linked=0 rules_triggered=0 swing_events=0 telegram_sent=0 (telegram ON)
2026-07-16 14:10:03 linked=0 rules_triggered=0 swing_events=0 telegram_sent=0 (telegram ON)
2026-07-16 14:20:03 linked=0 rules_triggered=0 swing_events=0 telegram_sent=0 (telegram ON)
2026-07-16 14:30:03 linked=0 rules_triggered=0 swing_events=0 telegram_sent=0 (telegram ON)
2026-07-16 14:40:04 linked=0 rules_triggered=0 swing_events=0 telegram_sent=0 (telegram ON)
2026-07-16 14:50:03 linked=0 rules_triggered=0 swing_events=0 telegram_sent=0 (telegram ON)
2026-07-16 15:00:03 linked=0 rules_triggered=0 swing_events=0 telegram_sent=0 (telegram ON)
2026-07-16 15:10:04 linked=0 rules_triggered=0 swing_events=0 telegram_sent=0 (telegram ON)
2026-07-16 15:20:03 linked=0 rules_triggered=0 swing_events=0 telegram_sent=0 (telegram ON)
2026-07-16 15:30:03 linked=0 rules_triggered=0 swing_events=0 telegram_sent=0 (telegram ON)
2026-07-16 15:40:03 linked=0 rules_triggered=0 swing_events=0 telegram_sent=0 (telegram ON)
2026-07-16 15:50:17 linked=0 rules_triggered=0 swing_events=0 telegram_sent=0 (telegram ON)
2026-07-16 16:00:03 linked=0 rules_triggered=0 swing_events=0 telegram_sent=0 (telegram ON)
2026-07-16 16:10:02 linked=0 rules_triggered=0 swing_events=0 telegram_sent=0 (telegram ON)
2026-07-16 21:50:05 linked=0 rules_triggered=0 swing_events=0 telegram_sent=0 (telegram ON)
2026-07-16 22:00:03 linked=0 rules_triggered=0 swing_events=0 telegram_sent=0 (telegram ON)
2026-07-16 22:10:02 linked=0 rules_triggered=0 swing_events=0 telegram_sent=0 (telegram ON)
2026-07-16 22:20:04 linked=0 rules_triggered=0 swing_events=0 telegram_sent=0 (telegram ON)
2026-07-16 22:30:03 linked=0 rules_triggered=0 swing_events=0 telegram_sent=0 (telegram ON)
2026-07-16 22:40:04 linked=0 rules_triggered=0 swing_events=0 telegram_sent=0 (telegram ON)
2026-07-16 22:50:03 linked=0 rules_triggered=0 swing_events=0 telegram_sent=0 (telegram ON)
2026-07-16 23:00:04 linked=0 rules_triggered=0 swing_events=0 telegram_sent=0 (telegram ON)
2026-07-16 23:10:03 linked=0 rules_triggered=0 swing_events=0 telegram_sent=0 (telegram ON)
2026-07-16 23:20:05 linked=0 rules_triggered=0 swing_events=0 telegram_sent=0 (telegram ON)
2026-07-16 23:30:03 linked=0 rules_triggered=0 swing_events=0 telegram_sent=0 (telegram ON)
2026-07-16 23:40:04 linked=0 rules_triggered=0 swing_events=0 telegram_sent=0 (telegram ON)
2026-07-16 23:50:03 linked=0 rules_triggered=0 swing_events=0 telegram_sent=0 (telegram ON)
2026-07-17 09:50:05 linked=0 rules_triggered=0 swing_events=0 telegram_sent=0 (telegram ON)
2026-07-17 10:00:04 linked=0 rules_triggered=0 swing_events=0 telegram_sent=0 (telegram ON)
2026-07-17 10:10:04 linked=0 rules_triggered=0 swing_events=0 telegram_sent=0 (telegram ON)
2026-07-17 10:20:03 linked=0 rules_triggered=0 swing_events=0 telegram_sent=0 (telegram ON)
2026-07-17 10:30:02 linked=0 rules_triggered=0 swing_events=0 telegram_sent=0 (telegram ON)
2026-07-17 10:40:03 linked=0 rules_triggered=0 swing_events=0 telegram_sent=0 (telegram ON)
2026-07-17 10:50:03 linked=0 rules_triggered=0 swing_events=0 telegram_sent=0 (telegram ON)
2026-07-17 11:00:03 linked=0 rules_triggered=0 swing_events=0 telegram_sent=0 (telegram ON)
2026-07-17 11:10:03 linked=0 rules_triggered=0 swing_events=0 telegram_sent=0 (telegram ON)
2026-07-17 11:20:04 linked=0 rules_triggered=0 swing_events=0 telegram_sent=0 (telegram ON)
2026-07-17 11:30:04 linked=0 rules_triggered=0 swing_events=0 telegram_sent=0 (telegram ON)
2026-07-17 11:40:04 linked=0 rules_triggered=0 swing_events=0 telegram_sent=0 (telegram ON)
2026-07-17 11:50:09 linked=0 rules_triggered=0 swing_events=0 telegram_sent=0 (telegram ON)
2026-07-17 12:00:17 linked=0 rules_triggered=0 swing_events=0 telegram_sent=0 (telegram ON)
2026-07-17 12:10:03 linked=0 rules_triggered=0 swing_events=0 telegram_sent=0 (telegram ON)
2026-07-17 12:20:03 linked=0 rules_triggered=0 swing_events=0 telegram_sent=0 (telegram ON)
2026-07-17 12:30:03 linked=0 rules_triggered=0 swing_events=0 telegram_sent=0 (telegram ON)
2026-07-17 12:40:03 linked=0 rules_triggered=0 swing_events=0 telegram_sent=0 (telegram ON)
2026-07-17 14:40:03 linked=0 rules_triggered=0 swing_events=0 telegram_sent=0 (telegram ON)
2026-07-17 14:50:03 linked=0 rules_triggered=0 swing_events=0 telegram_sent=0 (telegram ON)
2026-07-17 15:00:05 linked=0 rules_triggered=0 swing_events=0 telegram_sent=0 (telegram ON)
2026-07-17 15:10:03 linked=0 rules_triggered=0 swing_events=0 telegram_sent=0 (telegram ON)
2026-07-17 15:20:03 linked=0 rules_triggered=0 swing_events=0 telegram_sent=0 (telegram ON)
2026-07-17 15:30:03 linked=0 rules_triggered=0 swing_events=0 telegram_sent=0 (telegram ON)
2026-07-17 15:40:03 linked=0 rules_triggered=0 swing_events=0 telegram_sent=0 (telegram ON)
2026-07-17 15:50:04 linked=0 rules_triggered=0 swing_events=0 telegram_sent=0 (telegram ON)
2026-07-17 16:00:05 linked=0 rules_triggered=0 swing_events=0 telegram_sent=0 (telegram ON)
2026-07-17 16:10:04 linked=0 rules_triggered=0 swing_events=0 telegram_sent=0 (telegram ON)
2026-07-17 16:20:03 linked=0 rules_triggered=0 swing_events=0 telegram_sent=0 (telegram ON)
2026-07-17 16:30:04 linked=0 rules_triggered=0 swing_events=0 telegram_sent=0 (telegram ON)
2026-07-17 16:40:04 linked=0 rules_triggered=0 swing_events=0 telegram_sent=0 (telegram ON)
2026-07-17 16:50:02 linked=0 rules_triggered=0 swing_events=0 telegram_sent=0 (telegram ON)
2026-07-17 20:10:58 linked=0 rules_triggered=0 swing_events=0 telegram_sent=0 (telegram ON)
2026-07-17 20:20:04 linked=0 rules_triggered=0 swing_events=1 telegram_sent=1 (telegram ON)
2026-07-17 20:30:03 linked=0 rules_triggered=0 swing_events=0 telegram_sent=0 (telegram ON)
2026-07-17 20:40:03 linked=0 rules_triggered=0 swing_events=0 telegram_sent=0 (telegram ON)
2026-07-17 20:50:03 linked=0 rules_triggered=0 swing_events=0 telegram_sent=0 (telegram ON)
2026-07-17 21:00:04 linked=0 rules_triggered=0 swing_events=0 telegram_sent=0 (telegram ON)
2026-07-17 21:10:04 linked=0 rules_triggered=0 swing_events=0 telegram_sent=0 (telegram ON)
2026-07-17 21:20:03 linked=0 rules_triggered=0 swing_events=0 telegram_sent=0 (telegram ON)
2026-07-17 21:30:02 linked=0 rules_triggered=0 swing_events=0 telegram_sent=0 (telegram ON)
2026-07-17 21:40:03 linked=0 rules_triggered=0 swing_events=0 telegram_sent=0 (telegram ON)
2026-07-17 21:50:05 linked=0 rules_triggered=0 swing_events=0 telegram_sent=0 (telegram ON)
2026-07-17 22:00:03 linked=0 rules_triggered=0 swing_events=0 telegram_sent=0 (telegram ON)
2026-07-17 22:10:04 linked=0 rules_triggered=0 swing_events=0 telegram_sent=0 (telegram ON)
2026-07-17 22:20:03 linked=0 rules_triggered=0 swing_events=0 telegram_sent=0 (telegram ON)
2026-07-17 22:30:03 linked=0 rules_triggered=0 swing_events=0 telegram_sent=0 (telegram ON)
2026-07-17 22:40:03 linked=0 rules_triggered=0 swing_events=0 telegram_sent=0 (telegram ON)
2026-07-17 22:50:03 linked=0 rules_triggered=0 swing_events=0 telegram_sent=0 (telegram ON)
2026-07-17 23:00:17 linked=0 rules_triggered=0 swing_events=0 telegram_sent=0 (telegram ON)
2026-07-17 23:10:04 linked=0 rules_triggered=0 swing_events=0 telegram_sent=0 (telegram ON)
2026-07-17 23:20:03 linked=0 rules_triggered=0 swing_events=0 telegram_sent=0 (telegram ON)
2026-07-17 23:30:03 linked=0 rules_triggered=0 swing_events=0 telegram_sent=0 (telegram ON)
2026-07-18 01:33:16 linked=0 rules_triggered=0 swing_events=0 telegram_sent=0 (telegram ON)
2026-07-18 08:50:04 linked=0 rules_triggered=0 swing_events=0 telegram_sent=0 (telegram ON)
2026-07-18 09:00:03 linked=0 rules_triggered=0 swing_events=0 telegram_sent=0 (telegram ON)
2026-07-18 09:10:03 linked=0 rules_triggered=0 swing_events=0 telegram_sent=0 (telegram ON)
2026-07-18 09:20:04 linked=0 rules_triggered=0 swing_events=0 telegram_sent=0 (telegram ON)
2026-07-18 09:30:03 linked=0 rules_triggered=0 swing_events=0 telegram_sent=0 (telegram ON)
2026-07-18 09:40:03 linked=0 rules_triggered=0 swing_events=0 telegram_sent=0 (telegram ON)
2026-07-18 09:50:04 linked=0 rules_triggered=0 swing_events=0 telegram_sent=0 (telegram ON)
2026-07-18 10:00:03 linked=0 rules_triggered=0 swing_events=0 telegram_sent=0 (telegram ON)
2026-07-18 10:10:03 linked=0 rules_triggered=0 swing_events=0 telegram_sent=0 (telegram ON)
2026-07-18 10:20:03 linked=0 rules_triggered=0 swing_events=0 telegram_sent=0 (telegram ON)
2026-07-18 10:30:04 linked=0 rules_triggered=0 swing_events=0 telegram_sent=0 (telegram ON)
2026-07-18 10:40:03 linked=0 rules_triggered=0 swing_events=0 telegram_sent=0 (telegram ON)
2026-07-18 10:50:03 linked=0 rules_triggered=0 swing_events=0 telegram_sent=0 (telegram ON)
2026-07-18 11:00:04 linked=0 rules_triggered=0 swing_events=0 telegram_sent=0 (telegram ON)
2026-07-18 11:10:03 linked=0 rules_triggered=0 swing_events=0 telegram_sent=0 (telegram ON)
2026-07-18 11:20:03 linked=0 rules_triggered=0 swing_events=0 telegram_sent=0 (telegram ON)
2026-07-18 11:30:03 linked=0 rules_triggered=0 swing_events=0 telegram_sent=0 (telegram ON)
2026-07-18 11:40:03 linked=0 rules_triggered=0 swing_events=0 telegram_sent=0 (telegram ON)
2026-07-18 11:50:05 linked=0 rules_triggered=0 swing_events=0 telegram_sent=0 (telegram ON)
2026-07-18 12:20:03 linked=0 rules_triggered=0 swing_events=0 telegram_sent=0 (telegram ON)
2026-07-18 12:30:02 linked=0 rules_triggered=0 swing_events=0 telegram_sent=0 (telegram ON)
2026-07-18 12:40:03 linked=0 rules_triggered=0 swing_events=0 telegram_sent=0 (telegram ON)
2026-07-18 12:50:03 linked=0 rules_triggered=0 swing_events=0 telegram_sent=0 (telegram ON)
2026-07-18 13:00:03 linked=0 rules_triggered=0 swing_events=0 telegram_sent=0 (telegram ON)
2026-07-18 13:10:03 linked=0 rules_triggered=0 swing_events=0 telegram_sent=0 (telegram ON)
2026-07-18 13:20:03 linked=0 rules_triggered=0 swing_events=0 telegram_sent=0 (telegram ON)
2026-07-18 13:30:03 linked=0 rules_triggered=0 swing_events=0 telegram_sent=0 (telegram ON)
2026-07-18 18:40:50 linked=0 rules_triggered=0 swing_events=0 telegram_sent=0 (telegram ON)
2026-07-18 20:50:04 linked=0 rules_triggered=0 swing_events=0 telegram_sent=0 (telegram ON)
2026-07-18 21:00:03 linked=0 rules_triggered=0 swing_events=0 telegram_sent=0 (telegram ON)
2026-07-18 21:10:03 linked=0 rules_triggered=0 swing_events=0 telegram_sent=0 (telegram ON)
2026-07-18 21:20:02 linked=0 rules_triggered=0 swing_events=0 telegram_sent=0 (telegram ON)
2026-07-18 21:30:03 linked=0 rules_triggered=0 swing_events=0 telegram_sent=0 (telegram ON)
2026-07-18 21:40:03 linked=0 rules_triggered=0 swing_events=0 telegram_sent=0 (telegram ON)
2026-07-18 21:50:03 linked=0 rules_triggered=0 swing_events=0 telegram_sent=0 (telegram ON)
2026-07-18 22:00:07 linked=0 rules_triggered=0 swing_events=0 telegram_sent=0 (telegram ON)
2026-07-18 22:10:04 linked=0 rules_triggered=0 swing_events=0 telegram_sent=0 (telegram ON)
2026-07-18 22:20:05 linked=0 rules_triggered=0 swing_events=0 telegram_sent=0 (telegram ON)
2026-07-18 22:30:05 linked=0 rules_triggered=0 swing_events=0 telegram_sent=0 (telegram ON)
2026-07-18 22:40:02 linked=0 rules_triggered=0 swing_events=0 telegram_sent=0 (telegram ON)
2026-07-18 22:50:03 linked=0 rules_triggered=0 swing_events=0 telegram_sent=0 (telegram ON)
2026-07-18 23:00:05 linked=0 rules_triggered=0 swing_events=0 telegram_sent=0 (telegram ON)
2026-07-18 23:10:04 linked=0 rules_triggered=0 swing_events=0 telegram_sent=0 (telegram ON)
2026-07-18 23:21:42 linked=0 rules_triggered=0 swing_events=0 telegram_sent=0 (telegram ON)
2026-07-18 23:50:03 linked=0 rules_triggered=0 swing_events=0 telegram_sent=0 (telegram ON)
2026-07-19 00:00:03 linked=0 rules_triggered=0 swing_events=0 telegram_sent=0 (telegram ON)
2026-07-19 00:10:03 linked=0 rules_triggered=0 swing_events=0 telegram_sent=0 (telegram ON)
2026-07-19 00:20:03 linked=0 rules_triggered=0 swing_events=0 telegram_sent=0 (telegram ON)
2026-07-19 00:30:03 linked=0 rules_triggered=0 swing_events=0 telegram_sent=0 (telegram ON)
2026-07-19 00:40:03 linked=0 rules_triggered=0 swing_events=0 telegram_sent=0 (telegram ON)
2026-07-19 01:00:03 linked=0 rules_triggered=0 swing_events=0 telegram_sent=0 (telegram ON)
2026-07-19 01:10:03 linked=0 rules_triggered=0 swing_events=0 telegram_sent=0 (telegram ON)
2026-07-19 01:20:17 linked=0 rules_triggered=0 swing_events=0 telegram_sent=0 (telegram ON)
2026-07-19 01:30:03 linked=0 rules_triggered=0 swing_events=0 telegram_sent=0 (telegram ON)
2026-07-19 01:40:03 linked=0 rules_triggered=0 swing_events=0 telegram_sent=0 (telegram ON)
2026-07-19 01:50:03 linked=0 rules_triggered=0 swing_events=0 telegram_sent=0 (telegram ON)
2026-07-19 02:00:03 linked=0 rules_triggered=0 swing_events=0 telegram_sent=0 (telegram ON)
2026-07-19 02:10:02 linked=0 rules_triggered=0 swing_events=0 telegram_sent=0 (telegram ON)
2026-07-19 02:20:03 linked=0 rules_triggered=0 swing_events=0 telegram_sent=0 (telegram ON)
2026-07-19 02:30:02 linked=0 rules_triggered=0 swing_events=0 telegram_sent=0 (telegram ON)
2026-07-19 02:40:02 linked=0 rules_triggered=0 swing_events=0 telegram_sent=0 (telegram ON)
2026-07-19 02:50:02 linked=0 rules_triggered=0 swing_events=0 telegram_sent=0 (telegram ON)
2026-07-19 03:10:03 linked=0 rules_triggered=0 swing_events=0 telegram_sent=0 (telegram ON)
2026-07-19 03:20:03 linked=0 rules_triggered=0 swing_events=0 telegram_sent=0 (telegram ON)
2026-07-19 03:30:02 linked=0 rules_triggered=0 swing_events=0 telegram_sent=0 (telegram ON)
2026-07-19 03:40:02 linked=0 rules_triggered=0 swing_events=0 telegram_sent=0 (telegram ON)
2026-07-19 03:50:03 linked=0 rules_triggered=0 swing_events=0 telegram_sent=0 (telegram ON)
2026-07-19 04:00:02 linked=0 rules_triggered=0 swing_events=0 telegram_sent=0 (telegram ON)
2026-07-19 04:10:03 linked=0 rules_triggered=0 swing_events=0 telegram_sent=0 (telegram ON)
2026-07-19 04:20:04 linked=0 rules_triggered=0 swing_events=0 telegram_sent=0 (telegram ON)
2026-07-19 04:50:03 linked=0 rules_triggered=0 swing_events=0 telegram_sent=0 (telegram ON)
2026-07-19 05:00:03 linked=0 rules_triggered=0 swing_events=0 telegram_sent=0 (telegram ON)
2026-07-19 05:10:04 linked=0 rules_triggered=0 swing_events=0 telegram_sent=0 (telegram ON)
2026-07-19 05:20:03 linked=0 rules_triggered=0 swing_events=0 telegram_sent=0 (telegram ON)
2026-07-19 05:30:03 linked=0 rules_triggered=0 swing_events=0 telegram_sent=0 (telegram ON)
2026-07-19 05:40:03 linked=0 rules_triggered=0 swing_events=0 telegram_sent=0 (telegram ON)
2026-07-19 05:50:02 linked=0 rules_triggered=0 swing_events=0 telegram_sent=0 (telegram ON)
2026-07-19 06:00:03 linked=0 rules_triggered=0 swing_events=0 telegram_sent=0 (telegram ON)
2026-07-19 06:10:04 linked=0 rules_triggered=0 swing_events=0 telegram_sent=0 (telegram ON)
2026-07-19 06:20:02 linked=0 rules_triggered=0 swing_events=0 telegram_sent=0 (telegram ON)
2026-07-19 06:30:02 linked=0 rules_triggered=0 swing_events=0 telegram_sent=0 (telegram ON)
2026-07-19 06:40:02 linked=0 rules_triggered=0 swing_events=0 telegram_sent=0 (telegram ON)
2026-07-19 06:50:02 linked=0 rules_triggered=0 swing_events=0 telegram_sent=0 (telegram ON)
2026-07-19 07:26:52 linked=0 rules_triggered=0 swing_events=0 telegram_sent=0 (telegram ON)
2026-07-19 07:30:03 linked=0 rules_triggered=0 swing_events=0 telegram_sent=0 (telegram ON)
2026-07-19 07:40:02 linked=0 rules_triggered=0 swing_events=0 telegram_sent=0 (telegram ON)
2026-07-19 08:21:39 linked=0 rules_triggered=0 swing_events=0 telegram_sent=0 (telegram ON)
2026-07-19 08:30:03 linked=0 rules_triggered=0 swing_events=0 telegram_sent=0 (telegram ON)
2026-07-19 08:40:02 linked=0 rules_triggered=0 swing_events=0 telegram_sent=0 (telegram ON)
2026-07-19 08:50:03 linked=0 rules_triggered=0 swing_events=0 telegram_sent=0 (telegram ON)
2026-07-19 09:00:02 linked=0 rules_triggered=0 swing_events=0 telegram_sent=0 (telegram ON)
2026-07-19 09:10:03 linked=0 rules_triggered=0 swing_events=0 telegram_sent=0 (telegram ON)
2026-07-19 09:20:02 linked=0 rules_triggered=0 swing_events=0 telegram_sent=0 (telegram ON)
2026-07-19 09:30:03 linked=0 rules_triggered=0 swing_events=0 telegram_sent=0 (telegram ON)
2026-07-19 09:40:02 linked=0 rules_triggered=0 swing_events=0 telegram_sent=0 (telegram ON)
2026-07-19 09:50:03 linked=0 rules_triggered=0 swing_events=0 telegram_sent=0 (telegram ON)
2026-07-19 10:00:04 linked=0 rules_triggered=0 swing_events=0 telegram_sent=0 (telegram ON)
2026-07-19 10:10:04 linked=0 rules_triggered=0 swing_events=0 telegram_sent=0 (telegram ON)
2026-07-19 10:40:03 linked=0 rules_triggered=0 swing_events=0 telegram_sent=0 (telegram ON)
2026-07-19 10:50:04 linked=0 rules_triggered=0 swing_events=0 telegram_sent=0 (telegram ON)
2026-07-19 13:30:03 linked=0 rules_triggered=0 swing_events=0 telegram_sent=0 (telegram ON)
2026-07-19 13:40:03 linked=0 rules_triggered=0 swing_events=0 telegram_sent=0 (telegram ON)
2026-07-19 13:50:04 linked=0 rules_triggered=0 swing_events=0 telegram_sent=0 (telegram ON)
2026-07-19 14:00:03 linked=0 rules_triggered=0 swing_events=0 telegram_sent=0 (telegram ON)
2026-07-19 14:10:03 linked=0 rules_triggered=0 swing_events=0 telegram_sent=0 (telegram ON)
2026-07-19 14:20:03 linked=0 rules_triggered=0 swing_events=0 telegram_sent=0 (telegram ON)
2026-07-19 14:30:04 linked=0 rules_triggered=0 swing_events=0 telegram_sent=0 (telegram ON)
2026-07-19 14:50:03 linked=0 rules_triggered=0 swing_events=0 telegram_sent=0 (telegram ON)
2026-07-19 15:13:13 linked=0 rules_triggered=0 swing_events=0 telegram_sent=0 (telegram ON)
2026-07-19 15:35:36 linked=0 rules_triggered=0 swing_events=0 telegram_sent=0 (telegram ON)
2026-07-19 15:40:03 linked=0 rules_triggered=0 swing_events=0 telegram_sent=0 (telegram ON)
2026-07-19 18:20:52 linked=0 rules_triggered=0 swing_events=0 telegram_sent=0 (telegram ON)
2026-07-19 18:46:44 linked=0 rules_triggered=0 swing_events=0 telegram_sent=0 (telegram ON)
2026-07-19 18:50:03 linked=0 rules_triggered=0 swing_events=0 telegram_sent=0 (telegram ON)
2026-07-19 19:00:03 linked=0 rules_triggered=0 swing_events=0 telegram_sent=0 (telegram ON)
2026-07-19 19:10:03 linked=0 rules_triggered=0 swing_events=0 telegram_sent=0 (telegram ON)
2026-07-19 19:20:03 linked=0 rules_triggered=0 swing_events=0 telegram_sent=0 (telegram ON)
2026-07-19 19:30:03 linked=0 rules_triggered=0 swing_events=0 telegram_sent=0 (telegram ON)
2026-07-19 19:40:04 linked=0 rules_triggered=0 swing_events=0 telegram_sent=0 (telegram ON)
2026-07-19 19:50:03 linked=0 rules_triggered=0 swing_events=0 telegram_sent=0 (telegram ON)
2026-07-19 20:00:03 linked=0 rules_triggered=0 swing_events=0 telegram_sent=0 (telegram ON)
2026-07-19 20:10:03 linked=0 rules_triggered=0 swing_events=0 telegram_sent=0 (telegram ON)
2026-07-19 20:20:03 linked=0 rules_triggered=0 swing_events=0 telegram_sent=0 (telegram ON)
2026-07-19 20:30:04 linked=0 rules_triggered=0 swing_events=0 telegram_sent=0 (telegram ON)
2026-07-19 20:40:03 linked=0 rules_triggered=0 swing_events=0 telegram_sent=0 (telegram ON)
2026-07-19 20:50:04 linked=0 rules_triggered=0 swing_events=0 telegram_sent=0 (telegram ON)
2026-07-19 21:30:03 linked=0 rules_triggered=0 swing_events=0 telegram_sent=0 (telegram ON)
2026-07-19 21:40:03 linked=0 rules_triggered=0 swing_events=0 telegram_sent=0 (telegram ON)
2026-07-19 21:50:03 linked=0 rules_triggered=0 swing_events=0 telegram_sent=0 (telegram ON)
2026-07-19 22:00:03 linked=0 rules_triggered=0 swing_events=0 telegram_sent=0 (telegram ON)
2026-07-19 22:10:03 linked=0 rules_triggered=0 swing_events=0 telegram_sent=0 (telegram ON)
2026-07-19 22:20:03 linked=0 rules_triggered=0 swing_events=0 telegram_sent=0 (telegram ON)
2026-07-19 22:30:04 linked=0 rules_triggered=0 swing_events=0 telegram_sent=0 (telegram ON)
2026-07-19 22:40:03 linked=0 rules_triggered=0 swing_events=0 telegram_sent=0 (telegram ON)
2026-07-19 22:50:03 linked=0 rules_triggered=0 swing_events=0 telegram_sent=0 (telegram ON)
2026-07-19 23:00:03 linked=0 rules_triggered=0 swing_events=0 telegram_sent=0 (telegram ON)
2026-07-19 23:10:03 linked=0 rules_triggered=0 swing_events=0 telegram_sent=0 (telegram ON)
2026-07-20 01:00:57 linked=0 rules_triggered=0 swing_events=0 telegram_sent=0 (telegram ON)
2026-07-20 09:03:19 linked=0 rules_triggered=0 swing_events=0 telegram_sent=0 (telegram ON)
2026-07-20 09:10:04 linked=0 rules_triggered=0 swing_events=0 telegram_sent=0 (telegram ON)
2026-07-20 09:20:03 linked=0 rules_triggered=0 swing_events=0 telegram_sent=0 (telegram ON)
2026-07-20 09:30:03 linked=0 rules_triggered=0 swing_events=0 telegram_sent=0 (telegram ON)
2026-07-20 09:40:04 linked=0 rules_triggered=0 swing_events=0 telegram_sent=0 (telegram ON)
2026-07-20 10:00:03 linked=0 rules_triggered=0 swing_events=0 telegram_sent=0 (telegram ON)
2026-07-20 10:10:04 linked=0 rules_triggered=0 swing_events=0 telegram_sent=0 (telegram ON)
2026-07-20 10:20:03 linked=0 rules_triggered=0 swing_events=0 telegram_sent=0 (telegram ON)
2026-07-20 10:30:03 linked=0 rules_triggered=0 swing_events=0 telegram_sent=0 (telegram ON)
2026-07-20 10:40:03 linked=0 rules_triggered=0 swing_events=0 telegram_sent=0 (telegram ON)
2026-07-20 10:50:03 linked=0 rules_triggered=0 swing_events=0 telegram_sent=0 (telegram ON)
2026-07-20 11:00:03 linked=0 rules_triggered=0 swing_events=0 telegram_sent=0 (telegram ON)
2026-07-20 11:10:03 linked=0 rules_triggered=0 swing_events=0 telegram_sent=0 (telegram ON)
2026-07-20 11:20:03 linked=0 rules_triggered=0 swing_events=0 telegram_sent=0 (telegram ON)
2026-07-20 11:30:03 linked=0 rules_triggered=0 swing_events=0 telegram_sent=0 (telegram ON)
2026-07-20 11:40:03 linked=0 rules_triggered=0 swing_events=0 telegram_sent=0 (telegram ON)
2026-07-20 11:50:03 linked=0 rules_triggered=0 swing_events=0 telegram_sent=0 (telegram ON)
2026-07-20 12:00:03 linked=0 rules_triggered=0 swing_events=0 telegram_sent=0 (telegram ON)
2026-07-20 12:10:04 linked=0 rules_triggered=0 swing_events=0 telegram_sent=0 (telegram ON)
2026-07-20 12:20:03 linked=0 rules_triggered=0 swing_events=0 telegram_sent=0 (telegram ON)
2026-07-20 12:30:03 linked=0 rules_triggered=0 swing_events=0 telegram_sent=0 (telegram ON)
2026-07-20 12:40:03 linked=0 rules_triggered=0 swing_events=0 telegram_sent=0 (telegram ON)
2026-07-20 12:50:03 linked=0 rules_triggered=0 swing_events=0 telegram_sent=0 (telegram ON)
2026-07-20 13:00:03 linked=0 rules_triggered=0 swing_events=0 telegram_sent=0 (telegram ON)
2026-07-20 13:10:03 linked=0 rules_triggered=0 swing_events=0 telegram_sent=0 (telegram ON)
2026-07-20 13:20:03 linked=0 rules_triggered=0 swing_events=0 telegram_sent=0 (telegram ON)
2026-07-20 13:30:04 linked=0 rules_triggered=0 swing_events=0 telegram_sent=0 (telegram ON)
2026-07-20 13:40:03 linked=0 rules_triggered=0 swing_events=0 telegram_sent=0 (telegram ON)
2026-07-20 13:50:03 linked=0 rules_triggered=0 swing_events=0 telegram_sent=0 (telegram ON)
2026-07-20 14:00:04 linked=0 rules_triggered=0 swing_events=0 telegram_sent=0 (telegram ON)
2026-07-20 14:10:03 linked=0 rules_triggered=0 swing_events=0 telegram_sent=0 (telegram ON)
2026-07-20 14:20:03 linked=0 rules_triggered=0 swing_events=0 telegram_sent=0 (telegram ON)
2026-07-20 14:30:03 linked=0 rules_triggered=0 swing_events=0 telegram_sent=0 (telegram ON)
2026-07-20 14:40:05 linked=0 rules_triggered=0 swing_events=0 telegram_sent=0 (telegram ON)
2026-07-20 14:50:03 linked=0 rules_triggered=0 swing_events=0 telegram_sent=0 (telegram ON)
2026-07-20 15:00:03 linked=0 rules_triggered=0 swing_events=0 telegram_sent=0 (telegram ON)
2026-07-20 18:00:04 linked=0 rules_triggered=0 swing_events=0 telegram_sent=0 (telegram ON)
2026-07-20 19:40:03 linked=0 rules_triggered=0 swing_events=0 telegram_sent=0 (telegram ON)
2026-07-20 19:50:03 linked=0 rules_triggered=0 swing_events=0 telegram_sent=0 (telegram ON)
2026-07-20 20:00:03 linked=0 rules_triggered=0 swing_events=0 telegram_sent=0 (telegram ON)
2026-07-20 20:10:03 linked=0 rules_triggered=0 swing_events=0 telegram_sent=0 (telegram ON)
2026-07-20 20:20:03 linked=0 rules_triggered=0 swing_events=0 telegram_sent=0 (telegram ON)
2026-07-20 20:30:04 linked=0 rules_triggered=0 swing_events=0 telegram_sent=0 (telegram ON)
2026-07-20 20:40:03 linked=0 rules_triggered=0 swing_events=0 telegram_sent=0 (telegram ON)
2026-07-20 20:50:03 linked=0 rules_triggered=0 swing_events=0 telegram_sent=0 (telegram ON)
2026-07-20 21:00:03 linked=0 rules_triggered=0 swing_events=0 telegram_sent=0 (telegram ON)
2026-07-20 21:10:03 linked=0 rules_triggered=0 swing_events=0 telegram_sent=0 (telegram ON)
2026-07-20 21:20:03 linked=0 rules_triggered=0 swing_events=0 telegram_sent=0 (telegram ON)
2026-07-20 21:30:03 linked=0 rules_triggered=0 swing_events=0 telegram_sent=0 (telegram ON)
2026-07-20 21:40:44 linked=0 rules_triggered=0 swing_events=0 telegram_sent=0 (telegram ON)
2026-07-20 21:50:03 linked=0 rules_triggered=0 swing_events=0 telegram_sent=0 (telegram ON)
2026-07-20 22:00:04 linked=0 rules_triggered=0 swing_events=0 telegram_sent=0 (telegram ON)
2026-07-20 22:10:03 linked=0 rules_triggered=0 swing_events=0 telegram_sent=0 (telegram ON)
2026-07-20 22:20:03 linked=0 rules_triggered=0 swing_events=0 telegram_sent=0 (telegram ON)
2026-07-20 22:30:04 linked=0 rules_triggered=0 swing_events=0 telegram_sent=0 (telegram ON)
2026-07-20 22:40:10 linked=0 rules_triggered=0 swing_events=0 telegram_sent=0 (telegram ON)
2026-07-21 03:16:58 linked=0 rules_triggered=0 swing_events=0 telegram_sent=0 (telegram ON)
2026-07-21 07:06:14 linked=0 rules_triggered=0 swing_events=0 telegram_sent=0 (telegram ON)
2026-07-21 09:26:33 linked=0 rules_triggered=0 swing_events=0 telegram_sent=0 (telegram ON)
2026-07-21 09:30:03 linked=0 rules_triggered=0 swing_events=0 telegram_sent=0 (telegram ON)
2026-07-21 09:40:03 linked=0 rules_triggered=0 swing_events=0 telegram_sent=0 (telegram ON)
2026-07-21 09:50:03 linked=0 rules_triggered=0 swing_events=0 telegram_sent=0 (telegram ON)
2026-07-21 10:00:03 linked=0 rules_triggered=0 swing_events=0 telegram_sent=0 (telegram ON)
2026-07-21 10:10:04 linked=0 rules_triggered=0 swing_events=0 telegram_sent=0 (telegram ON)
2026-07-21 10:20:03 linked=0 rules_triggered=0 swing_events=0 telegram_sent=0 (telegram ON)
2026-07-21 10:30:03 linked=0 rules_triggered=0 swing_events=0 telegram_sent=0 (telegram ON)
2026-07-21 14:40:03 linked=0 rules_triggered=0 swing_events=0 telegram_sent=0 (telegram ON)
2026-07-21 14:50:03 linked=0 rules_triggered=0 swing_events=0 telegram_sent=0 (telegram ON)
2026-07-21 15:00:03 linked=0 rules_triggered=0 swing_events=0 telegram_sent=0 (telegram ON)
2026-07-21 19:50:03 linked=0 rules_triggered=0 swing_events=0 telegram_sent=0 (telegram ON)
2026-07-21 21:00:03 linked=0 rules_triggered=0 swing_events=0 telegram_sent=0 (telegram ON)
telegram getUpdates error: HTTPSConnectionPool(host='api.telegram.org', port=443): Max retries exceeded with url: /bot8899238103:AAEitSgnP8jWE8ZMGjwFD1K224XYQEHLFn0/getUpdates?timeout=0&allowed_updates=%5B%22message%22%5D&offset=21231826 (Caused by NewConnectionError('<urllib3.connection.HTTPSConnection object at 0x10b445370>: Failed to establish a new connection: [Errno 8] nodename nor servname provided, or not known'))
2026-07-21 21:10:02 linked=0 rules_triggered=0 swing_events=0 telegram_sent=0 (telegram ON)
2026-07-21 21:20:04 linked=0 rules_triggered=0 swing_events=0 telegram_sent=0 (telegram ON)
2026-07-21 21:30:04 linked=0 rules_triggered=0 swing_events=0 telegram_sent=0 (telegram ON)
2026-07-21 21:40:03 linked=0 rules_triggered=0 swing_events=0 telegram_sent=0 (telegram ON)
2026-07-21 21:50:03 linked=0 rules_triggered=0 swing_events=0 telegram_sent=0 (telegram ON)
2026-07-21 22:00:03 linked=0 rules_triggered=0 swing_events=0 telegram_sent=0 (telegram ON)
2026-07-21 22:10:04 linked=0 rules_triggered=0 swing_events=0 telegram_sent=0 (telegram ON)
2026-07-21 22:20:03 linked=0 rules_triggered=0 swing_events=0 telegram_sent=0 (telegram ON)
2026-07-21 22:30:03 linked=0 rules_triggered=0 swing_events=0 telegram_sent=0 (telegram ON)
2026-07-21 22:40:03 linked=0 rules_triggered=0 swing_events=0 telegram_sent=0 (telegram ON)
2026-07-21 22:50:03 linked=0 rules_triggered=0 swing_events=0 telegram_sent=0 (telegram ON)
2026-07-21 23:00:03 linked=0 rules_triggered=0 swing_events=0 telegram_sent=0 (telegram ON)
2026-07-21 23:10:03 linked=0 rules_triggered=0 swing_events=0 telegram_sent=0 (telegram ON)
2026-07-21 23:20:03 linked=0 rules_triggered=0 swing_events=0 telegram_sent=0 (telegram ON)
