2026-07-14 18:30:02,913 — EOD cutoff = 2026-07-14 (today's bar is written only after 15:45 IST)
2026-07-14 18:30:02,946 — EQ chunk 1: 400 tickers
2026-07-14 18:30:05,957 — $AXSENSEX.NS: possibly delisted; no price data found  (period=5d)
2026-07-14 18:30:09,078 — $AKZOINDIA.NS: possibly delisted; no price data found  (period=5d) (Yahoo error = "No data found, symbol may be delisted")
2026-07-14 18:30:15,130 — $CIGNITITEC.NS: possibly delisted; no price data found  (period=5d)
2026-07-14 18:30:19,123 — 
3 Failed downloads:
2026-07-14 18:30:19,123 — ['AXSENSEX.NS', 'CIGNITITEC.NS']: possibly delisted; no price data found  (period=5d)
2026-07-14 18:30:19,123 — ['AKZOINDIA.NS']: possibly delisted; no price data found  (period=5d) (Yahoo error = "No data found, symbol may be delisted")
2026-07-14 18:30:20,207 — EQ chunk 2: 400 tickers
2026-07-14 18:30:33,121 — $GSPL.NS: possibly delisted; no price data found  (period=5d)
2026-07-14 18:30:33,579 — 
1 Failed download:
2026-07-14 18:30:33,579 — ['GSPL.NS']: possibly delisted; no price data found  (period=5d)
2026-07-14 18:30:34,731 — EQ chunk 3: 400 tickers
2026-07-14 18:30:36,570 — $JPASSOCIAT.NS: possibly delisted; no price data found  (period=5d) (Yahoo error = "No data found, symbol may be delisted")
2026-07-14 18:30:47,681 — 
1 Failed download:
2026-07-14 18:30:47,682 — ['JPASSOCIAT.NS']: possibly delisted; no price data found  (period=5d) (Yahoo error = "No data found, symbol may be delisted")
2026-07-14 18:30:48,980 — EQ chunk 4: 400 tickers
2026-07-14 18:31:03,176 — EQ chunk 5: 400 tickers
2026-07-14 18:31:08,565 — $SASTASUNDR.NS: possibly delisted; no price data found  (period=5d) (Yahoo error = "No data found, symbol may be delisted")
2026-07-14 18:31:15,646 — 
1 Failed download:
2026-07-14 18:31:15,647 — ['SASTASUNDR.NS']: possibly delisted; no price data found  (period=5d) (Yahoo error = "No data found, symbol may be delisted")
2026-07-14 18:31:16,872 — EQ chunk 6: 400 tickers
2026-07-14 18:31:22,683 — $KRT.NS: possibly delisted; no price data found  (period=5d) (Yahoo error = "No data found, symbol may be delisted")
2026-07-14 18:31:30,850 — 
1 Failed download:
2026-07-14 18:31:30,851 — ['KRT.NS']: possibly delisted; no price data found  (period=5d) (Yahoo error = "No data found, symbol may be delisted")
2026-07-14 18:31:31,687 — EQ chunk 7: 345 tickers
2026-07-14 18:31:54,739 — Done. EQ=2745, other=42, skipped(no feed)=44, bars written=13757
2026-07-14 18:31:54,929 — 2026-07-14: 33 indices upserted from NSE csv
2026-07-14 18:31:55,128 — 2026-07-13: 33 indices upserted from NSE csv
2026-07-14 18:31:55,253 — 2026-07-10: 33 indices upserted from NSE csv
2026-07-14 18:31:55,256 — NSE index csv post-step: 99 index bars upserted
2026-07-15 18:30:02,605 — EOD cutoff = 2026-07-15 (today's bar is written only after 15:45 IST)
2026-07-15 18:30:02,635 — EQ chunk 1: 400 tickers
2026-07-15 18:30:04,234 — $AXSENSEX.NS: possibly delisted; no price data found  (period=5d)
2026-07-15 18:30:05,141 — $CIGNITITEC.NS: possibly delisted; no price data found  (period=5d)
2026-07-15 18:30:06,772 — $AKZOINDIA.NS: possibly delisted; no price data found  (period=5d) (Yahoo error = "No data found, symbol may be delisted")
2026-07-15 18:30:15,614 — 
3 Failed downloads:
2026-07-15 18:30:15,615 — ['AXSENSEX.NS', 'CIGNITITEC.NS']: possibly delisted; no price data found  (period=5d)
2026-07-15 18:30:15,615 — ['AKZOINDIA.NS']: possibly delisted; no price data found  (period=5d) (Yahoo error = "No data found, symbol may be delisted")
2026-07-15 18:30:16,393 — EQ chunk 2: 400 tickers
2026-07-15 18:30:23,000 — $GSPL.NS: possibly delisted; no price data found  (period=5d)
2026-07-15 18:30:27,224 — 
1 Failed download:
2026-07-15 18:30:27,225 — ['GSPL.NS']: possibly delisted; no price data found  (period=5d)
2026-07-15 18:30:28,154 — EQ chunk 3: 400 tickers
2026-07-15 18:30:37,072 — $JPASSOCIAT.NS: possibly delisted; no price data found  (period=5d) (Yahoo error = "No data found, symbol may be delisted")
2026-07-15 18:30:39,573 — 
1 Failed download:
2026-07-15 18:30:39,574 — ['JPASSOCIAT.NS']: possibly delisted; no price data found  (period=5d) (Yahoo error = "No data found, symbol may be delisted")
2026-07-15 18:30:40,393 — EQ chunk 4: 400 tickers
2026-07-15 18:30:52,181 — EQ chunk 5: 400 tickers
2026-07-15 18:31:01,166 — $SASTASUNDR.NS: possibly delisted; no price data found  (period=5d) (Yahoo error = "No data found, symbol may be delisted")
2026-07-15 18:31:03,221 — 
1 Failed download:
2026-07-15 18:31:03,222 — ['SASTASUNDR.NS']: possibly delisted; no price data found  (period=5d) (Yahoo error = "No data found, symbol may be delisted")
2026-07-15 18:31:04,071 — EQ chunk 6: 400 tickers
2026-07-15 18:31:09,003 — $KRT.NS: possibly delisted; no price data found  (period=5d) (Yahoo error = "No data found, symbol may be delisted")
2026-07-15 18:31:15,645 — 
1 Failed download:
2026-07-15 18:31:15,646 — ['KRT.NS']: possibly delisted; no price data found  (period=5d) (Yahoo error = "No data found, symbol may be delisted")
2026-07-15 18:31:16,307 — EQ chunk 7: 345 tickers
2026-07-15 18:31:37,418 — Done. EQ=2745, other=42, skipped(no feed)=44, bars written=13739
2026-07-15 18:31:37,619 — 2026-07-15: 33 indices upserted from NSE csv
2026-07-15 18:31:37,779 — 2026-07-14: 33 indices upserted from NSE csv
2026-07-15 18:31:38,021 — 2026-07-13: 33 indices upserted from NSE csv
2026-07-15 18:31:38,023 — NSE index csv post-step: 99 index bars upserted
2026-07-15 18:31:38,494 — 2026-07-15: 2379 rows updated
2026-07-15 18:31:39,562 — 2026-07-14: 2375 rows updated
2026-07-15 18:31:40,645 — 2026-07-13: 2377 rows updated
2026-07-15 18:31:41,390 — NSE delivery post-step: 7131 rows got delivery data
