2026-07-12 21:12:13 syncing earnings for 2745 symbols
21STCENMGM.NS: No earnings dates found, symbol may be delisted
3BBLACKBIO.NS: No earnings dates found, symbol may be delisted
3IINFOLTD.NS: No earnings dates found, symbol may be delisted
3MINDIA.NS: No earnings dates found, symbol may be delisted
3PLAND.NS: No earnings dates found, symbol may be delisted
5PAISA.NS: No earnings dates found, symbol may be delisted
A2ZINFRA.NS: No earnings dates found, symbol may be delisted
AAATECH.NS: No earnings dates found, symbol may be delisted
AAKASH.NS: No earnings dates found, symbol may be delisted
AAREYDRUGS.NS: No earnings dates found, symbol may be delisted
AARNAV.NS: No earnings dates found, symbol may be delisted
AARON.NS: No earnings dates found, symbol may be delisted
AARTECH.NS: No earnings dates found, symbol may be delisted
AARTIPHARM.NS: No earnings dates found, symbol may be delisted
AARTISURF.NS: No earnings dates found, symbol may be delisted
AARVI.NS: No earnings dates found, symbol may be delisted
AASTHA.NS: No earnings dates found, symbol may be delisted
ABAN.NS: No earnings dates found, symbol may be delisted
  [25/2745] ok=7 miss=18 elapsed=34s
ABANSENT.NS: No earnings dates found, symbol may be delisted
ABCOTS.NS: No earnings dates found, symbol may be delisted
ABGSEC.NS: No earnings dates found, symbol may be delisted
ABINFRA.NS: No earnings dates found, symbol may be delisted
ABMINTLLTD.NS: No earnings dates found, symbol may be delisted
ABMKNO.NS: No earnings dates found, symbol may be delisted
ABSL10BANK.NS: No earnings dates found, symbol may be delisted
ABSLBANETF.NS: No earnings dates found, symbol may be delisted
ABSLLIQUID.NS: No earnings dates found, symbol may be delisted
ABSLMSCIN.NS: No earnings dates found, symbol may be delisted
ABSLNN50ET.NS: No earnings dates found, symbol may be delisted
ABSLPSE.NS: No earnings dates found, symbol may be delisted
ACCURACY.NS: No earnings dates found, symbol may be delisted
ACEINTEG.NS: No earnings dates found, symbol may be delisted
  [50/2745] ok=18 miss=32 elapsed=64s
ACL.NS: No earnings dates found, symbol may be delisted
ACSTECH.NS: No earnings dates found, symbol may be delisted
ADL.NS: No earnings dates found, symbol may be delisted
ADSL.NS: No earnings dates found, symbol may be delisted
ADVAIT.NS: No earnings dates found, symbol may be delisted
ADVANCE.NS: No earnings dates found, symbol may be delisted
ADVENTHTL.NS: No earnings dates found, symbol may be delisted
AEGISVOPAK.NS: No earnings dates found, symbol may be delisted
AEPL.NS: No earnings dates found, symbol may be delisted
AEQUS.NS: No earnings dates found, symbol may be delisted
AEROENTER.NS: No earnings dates found, symbol may be delisted
  [75/2745] ok=32 miss=43 elapsed=92s
AEROFLEX.NS: No earnings dates found, symbol may be delisted
AERONEU.NS: No earnings dates found, symbol may be delisted
AFFLE.NS: No earnings dates found, symbol may be delisted
AFFORDABLE.NS: No earnings dates found, symbol may be delisted
AFIL.NS: No earnings dates found, symbol may be delisted
AFSL.NS: No earnings dates found, symbol may be delisted
AGIIL.NS: No earnings dates found, symbol may be delisted
AGL.NS: No earnings dates found, symbol may be delisted
AGRITECH.NS: No earnings dates found, symbol may be delisted
AGROPHOS.NS: No earnings dates found, symbol may be delisted
AGSTRA.NS: No earnings dates found, symbol may be delisted
AHCL.NS: No earnings dates found, symbol may be delisted
AHLADA.NS: No earnings dates found, symbol may be delisted
AHLWEST.NS: No earnings dates found, symbol may be delisted
AIIL.NS: No earnings dates found, symbol may be delisted
AIRAN.NS: No earnings dates found, symbol may be delisted
AIROLAM.NS: No earnings dates found, symbol may be delisted
  [100/2745] ok=40 miss=60 elapsed=124s
AJAXENGG.NS: No earnings dates found, symbol may be delisted
AJMERA.NS: No earnings dates found, symbol may be delisted
AJOONI.NS: No earnings dates found, symbol may be delisted
AKASH.NS: No earnings dates found, symbol may be delisted
AKCAPIT.NS: No earnings dates found, symbol may be delisted
AKG.NS: No earnings dates found, symbol may be delisted
AKI.NS: No earnings dates found, symbol may be delisted
AKSHAR.NS: No earnings dates found, symbol may be delisted
HTTP Error 404: {"quoteSummary":{"result":null,"error":{"code":"Not Found","description":"Quote not found for symbol: AKZOINDIA.NS"}}}
AKZOINDIA.NS: No earnings dates found, symbol may be delisted
ALANKIT.NS: No earnings dates found, symbol may be delisted
ALEMBICLTD.NS: No earnings dates found, symbol may be delisted
ALGOQUANT.NS: No earnings dates found, symbol may be delisted
ALKALI.NS: No earnings dates found, symbol may be delisted
ALLTIME.NS: No earnings dates found, symbol may be delisted
  [125/2745] ok=51 miss=74 elapsed=161s
ALMONDZ.NS: No earnings dates found, symbol may be delisted
ALPHA.NS: No earnings dates found, symbol may be delisted
ALPHAETF.NS: No earnings dates found, symbol may be delisted
ALPL30IETF.NS: No earnings dates found, symbol may be delisted
ALPSINDUS.NS: No earnings dates found, symbol may be delisted
AMANTA.NS: No earnings dates found, symbol may be delisted
AMBALALSA.NS: No earnings dates found, symbol may be delisted
AMBICAAGAR.NS: No earnings dates found, symbol may be delisted
AMDIND.NS: No earnings dates found, symbol may be delisted
AMIRCHAND.NS: No earnings dates found, symbol may be delisted
AMJLAND.NS: No earnings dates found, symbol may be delisted
AMNPLST.NS: No earnings dates found, symbol may be delisted
ANDHRAPET.BO: No earnings dates found, symbol may be delisted
ANDHRSUGAR.NS: No earnings dates found, symbol may be delisted
  [150/2745] ok=62 miss=88 elapsed=196s
ANIKINDS.NS: No earnings dates found, symbol may be delisted
ANKITMETAL.NS: No earnings dates found, symbol may be delisted
ANMOL.NS: No earnings dates found, symbol may be delisted
ANTELOPUS.NS: No earnings dates found, symbol may be delisted
ANTGRAPHIC.NS: No earnings dates found, symbol may be delisted
ANUHPHR.NS: No earnings dates found, symbol may be delisted
AONEGOLD.NS: No earnings dates found, symbol may be delisted
AONELIQUID.NS: No earnings dates found, symbol may be delisted
AONENIFTY.NS: No earnings dates found, symbol may be delisted
AONESILVER.NS: No earnings dates found, symbol may be delisted
AONETMMQ50.NS: No earnings dates found, symbol may be delisted
AONETOTAL.NS: No earnings dates found, symbol may be delisted
APOLLO.NS: No earnings dates found, symbol may be delisted
  [175/2745] ok=74 miss=101 elapsed=230s
APOLSINHOT.NS: No earnings dates found, symbol may be delisted
AQYLON.NS: No earnings dates found, symbol may be delisted
ARCHIES.NS: No earnings dates found, symbol may be delisted
ARENTERP.NS: No earnings dates found, symbol may be delisted
ARFIN.NS: No earnings dates found, symbol may be delisted
ARIHANT.NS: No earnings dates found, symbol may be delisted
ARIHANTCAP.NS: No earnings dates found, symbol may be delisted
ARIS.NS: No earnings dates found, symbol may be delisted
ARKADE.NS: No earnings dates found, symbol may be delisted
AROGRANITE.NS: No earnings dates found, symbol may be delisted
ARSSBL.NS: No earnings dates found, symbol may be delisted
ARSSINFRA.NS: No earnings dates found, symbol may be delisted
ARTEMISMED.NS: No earnings dates found, symbol may be delisted
ARTNIRMAN.NS: No earnings dates found, symbol may be delisted
ARVEE.NS: No earnings dates found, symbol may be delisted
  [200/2745] ok=84 miss=116 elapsed=261s
ASAL.NS: No earnings dates found, symbol may be delisted
ASHAPURMIN.NS: No earnings dates found, symbol may be delisted
ASHIKA.NS: No earnings dates found, symbol may be delisted
ASHIMASYN.NS: No earnings dates found, symbol may be delisted
ASHOKAMET.NS: No earnings dates found, symbol may be delisted
ASIANENE.NS: No earnings dates found, symbol may be delisted
ASIANHOTNR.NS: No earnings dates found, symbol may be delisted
ASMS.NS: No earnings dates found, symbol may be delisted
ASPINWALL.NS: No earnings dates found, symbol may be delisted
ASTAR.NS: No earnings dates found, symbol may be delisted
  [225/2745] ok=99 miss=126 elapsed=292s
ATALREAL.NS: No earnings dates found, symbol may be delisted
ATAM.NS: No earnings dates found, symbol may be delisted
ATL.NS: No earnings dates found, symbol may be delisted
ATLANTAELE.NS: No earnings dates found, symbol may be delisted
AURIGROW.NS: No earnings dates found, symbol may be delisted
AUSOMENT.NS: No earnings dates found, symbol may be delisted
AUTOBEES.NS: No earnings dates found, symbol may be delisted
AUTOIETF.NS: No earnings dates found, symbol may be delisted
AUTOIND.NS: No earnings dates found, symbol may be delisted
AVADHSUGAR.NS: No earnings dates found, symbol may be delisted
  [250/2745] ok=114 miss=136 elapsed=319s
AVANTEL.NS: No earnings dates found, symbol may be delisted
AVG.NS: No earnings dates found, symbol may be delisted
AVONMORE.NS: No earnings dates found, symbol may be delisted
AVROIND.NS: No earnings dates found, symbol may be delisted
AWFIS.NS: No earnings dates found, symbol may be delisted
AWL.NS: No earnings dates found, symbol may be delisted
AXISBNKETF.NS: No earnings dates found, symbol may be delisted
AXISCETF.NS: No earnings dates found, symbol may be delisted
AXISGOLD.NS: No earnings dates found, symbol may be delisted
AXISHCETF.NS: No earnings dates found, symbol may be delisted
AXISILVER.NS: No earnings dates found, symbol may be delisted
AXISNIFTY.NS: No earnings dates found, symbol may be delisted
AXISTECETF.NS: No earnings dates found, symbol may be delisted
AXISVALUE.NS: No earnings dates found, symbol may be delisted
AXITA.NS: No earnings dates found, symbol may be delisted
AXSENSEX.NS: No earnings dates found, symbol may be delisted
AYE.NS: No earnings dates found, symbol may be delisted
  [275/2745] ok=122 miss=153 elapsed=353s
BAFNAPH.NS: No earnings dates found, symbol may be delisted
BAGFILMS.NS: No earnings dates found, symbol may be delisted
BAIDFIN.NS: No earnings dates found, symbol may be delisted
BAJAJHCARE.NS: No earnings dates found, symbol may be delisted
BAJAJINDEF.NS: No earnings dates found, symbol may be delisted
BAJAJST.NS: No earnings dates found, symbol may be delisted
BAJEL.NS: No earnings dates found, symbol may be delisted
BALAJEE.NS: No earnings dates found, symbol may be delisted
BALAJITELE.NS: No earnings dates found, symbol may be delisted
BALAXI.NS: No earnings dates found, symbol may be delisted
BALKRISHNA.NS: No earnings dates found, symbol may be delisted
BALPHARMA.NS: No earnings dates found, symbol may be delisted
  [300/2745] ok=135 miss=165 elapsed=379s
BANARBEADS.NS: No earnings dates found, symbol may be delisted
BANARISUG.NS: No earnings dates found, symbol may be delisted
BANK10ADD.NS: No earnings dates found, symbol may be delisted
BANKA.NS: No earnings dates found, symbol may be delisted
BANKADD.NS: No earnings dates found, symbol may be delisted
BANKBEES.NS: No earnings dates found, symbol may be delisted
BANKBETA.NS: No earnings dates found, symbol may be delisted
BANKBETF.NS: No earnings dates found, symbol may be delisted
BANKETF.NS: No earnings dates found, symbol may be delisted
BANKIETF.NS: No earnings dates found, symbol may be delisted
BANKNIFTY1.NS: No earnings dates found, symbol may be delisted
BANKPSU.NS: No earnings dates found, symbol may be delisted
BANSALWIRE.NS: No earnings dates found, symbol may be delisted
BATLIBOI.NS: No earnings dates found, symbol may be delisted
BBETF0432.NS: No earnings dates found, symbol may be delisted
  [325/2745] ok=145 miss=180 elapsed=407s
BBNPNBETF.NS: No earnings dates found, symbol may be delisted
BBNPPGOLD.NS: No earnings dates found, symbol may be delisted
BBTC.NS: No earnings dates found, symbol may be delisted
BBTCL.NS: No earnings dates found, symbol may be delisted
BCLIND.NS: No earnings dates found, symbol may be delisted
BCONCEPTS.NS: No earnings dates found, symbol may be delisted
BCPL.NS: No earnings dates found, symbol may be delisted
BEARDSELL.NS: No earnings dates found, symbol may be delisted
BEDMUTHA.NS: No earnings dates found, symbol may be delisted
BEEKAY.NS: No earnings dates found, symbol may be delisted
BELLACASA.NS: No earnings dates found, symbol may be delisted
BENGALASM.NS: No earnings dates found, symbol may be delisted
BETA.NS: No earnings dates found, symbol may be delisted
BFINVEST.NS: No earnings dates found, symbol may be delisted
  [350/2745] ok=156 miss=194 elapsed=438s
BFSI.NS: No earnings dates found, symbol may be delisted
BFUTILITIE.NS: No earnings dates found, symbol may be delisted
BHAGCHEM.NS: No earnings dates found, symbol may be delisted
BHANDARI.NS: No earnings dates found, symbol may be delisted
BHARATCOAL.NS: No earnings dates found, symbol may be delisted
BHARATSE.NS: No earnings dates found, symbol may be delisted
BI.NS: No earnings dates found, symbol may be delisted
BILVYAPAR.NS: No earnings dates found, symbol may be delisted
BIMETAL.NS: No earnings dates found, symbol may be delisted
BIOFILCHEM.NS: No earnings dates found, symbol may be delisted
HTTP Error 404: {"quoteSummary":{"result":null,"error":{"code":"Not Found","description":"No fundamentals data found for symbol: BIRET.NS"}}}
BIRET.NS: No earnings dates found, symbol may be delisted
  [375/2745] ok=170 miss=205 elapsed=469s
BIRLAPREC.NS: No earnings dates found, symbol may be delisted
BLACKROSE.NS: No earnings dates found, symbol may be delisted
BLAL.NS: No earnings dates found, symbol may be delisted
BLBLIMITED.NS: No earnings dates found, symbol may be delisted
BLIL.NS: No earnings dates found, symbol may be delisted
BLSE.NS: No earnings dates found, symbol may be delisted
BLUECHIP.NS: No earnings dates found, symbol may be delisted
BLUECOAST.NS: No earnings dates found, symbol may be delisted
BLUSPRING.NS: No earnings dates found, symbol may be delisted
BMWVENTLTD.NS: No earnings dates found, symbol may be delisted
BNAGROCHEM.NS: No earnings dates found, symbol may be delisted
  [400/2745] ok=182 miss=218 elapsed=560s
  [425/2745] ok=182 miss=243 elapsed=1007s
  [450/2745] ok=182 miss=268 elapsed=1007s
  [475/2745] ok=182 miss=293 elapsed=1008s
  [500/2745] ok=182 miss=318 elapsed=1008s
  [525/2745] ok=182 miss=343 elapsed=1008s
  [550/2745] ok=182 miss=368 elapsed=1008s
  [575/2745] ok=182 miss=393 elapsed=1008s
  [600/2745] ok=182 miss=418 elapsed=1008s
  [625/2745] ok=182 miss=443 elapsed=1008s
  [650/2745] ok=182 miss=468 elapsed=1008s
  [675/2745] ok=182 miss=493 elapsed=1008s
  [700/2745] ok=182 miss=518 elapsed=1008s
  [725/2745] ok=182 miss=543 elapsed=1008s
  [750/2745] ok=182 miss=568 elapsed=1008s
  [775/2745] ok=182 miss=593 elapsed=1008s
  [800/2745] ok=182 miss=618 elapsed=1009s
  [825/2745] ok=182 miss=643 elapsed=1009s
  [850/2745] ok=182 miss=668 elapsed=1009s
  [875/2745] ok=182 miss=693 elapsed=1009s
  [900/2745] ok=182 miss=718 elapsed=1009s
  [925/2745] ok=182 miss=743 elapsed=1009s
  [950/2745] ok=182 miss=768 elapsed=1009s
  [975/2745] ok=182 miss=793 elapsed=1009s
  [1000/2745] ok=182 miss=818 elapsed=1009s
  [1025/2745] ok=182 miss=843 elapsed=1009s
  [1050/2745] ok=182 miss=868 elapsed=1009s
  [1075/2745] ok=182 miss=893 elapsed=1009s
  [1100/2745] ok=182 miss=918 elapsed=1009s
  [1125/2745] ok=182 miss=943 elapsed=1009s
  [1150/2745] ok=182 miss=968 elapsed=1009s
  [1175/2745] ok=182 miss=993 elapsed=1010s
  [1200/2745] ok=182 miss=1018 elapsed=1010s
  [1225/2745] ok=182 miss=1043 elapsed=1010s
  [1250/2745] ok=182 miss=1068 elapsed=1010s
  [1275/2745] ok=182 miss=1093 elapsed=1010s
  [1300/2745] ok=182 miss=1118 elapsed=1010s
  [1325/2745] ok=182 miss=1143 elapsed=1010s
  [1350/2745] ok=182 miss=1168 elapsed=1010s
  [1375/2745] ok=182 miss=1193 elapsed=1010s
  [1400/2745] ok=182 miss=1218 elapsed=1010s
  [1425/2745] ok=182 miss=1243 elapsed=1010s
  [1450/2745] ok=182 miss=1268 elapsed=1010s
  [1475/2745] ok=182 miss=1293 elapsed=1010s
  [1500/2745] ok=182 miss=1318 elapsed=1011s
  [1525/2745] ok=182 miss=1343 elapsed=1011s
  [1550/2745] ok=182 miss=1368 elapsed=1011s
  [1575/2745] ok=182 miss=1393 elapsed=1011s
  [1600/2745] ok=182 miss=1418 elapsed=1011s
  [1625/2745] ok=182 miss=1443 elapsed=1011s
  [1650/2745] ok=182 miss=1468 elapsed=1011s
  [1675/2745] ok=182 miss=1493 elapsed=1011s
  [1700/2745] ok=182 miss=1518 elapsed=1011s
  [1725/2745] ok=182 miss=1543 elapsed=1011s
  [1750/2745] ok=182 miss=1568 elapsed=1011s
  [1775/2745] ok=182 miss=1593 elapsed=1011s
  [1800/2745] ok=182 miss=1618 elapsed=1012s
  [1825/2745] ok=182 miss=1643 elapsed=1012s
  [1850/2745] ok=182 miss=1668 elapsed=1012s
  [1875/2745] ok=182 miss=1693 elapsed=1012s
  [1900/2745] ok=182 miss=1718 elapsed=1012s
  [1925/2745] ok=182 miss=1743 elapsed=1012s
  [1950/2745] ok=182 miss=1768 elapsed=1012s
  [1975/2745] ok=182 miss=1793 elapsed=1012s
  [2000/2745] ok=182 miss=1818 elapsed=1012s
  [2025/2745] ok=182 miss=1843 elapsed=1012s
  [2050/2745] ok=182 miss=1868 elapsed=1012s
  [2075/2745] ok=182 miss=1893 elapsed=1012s
  [2100/2745] ok=182 miss=1918 elapsed=1013s
  [2125/2745] ok=182 miss=1943 elapsed=1013s
  [2150/2745] ok=182 miss=1968 elapsed=1013s
  [2175/2745] ok=182 miss=1993 elapsed=1013s
  [2200/2745] ok=182 miss=2018 elapsed=1013s
  [2225/2745] ok=182 miss=2043 elapsed=1013s
  [2250/2745] ok=182 miss=2068 elapsed=1013s
  [2275/2745] ok=182 miss=2093 elapsed=1013s
  [2300/2745] ok=182 miss=2118 elapsed=1013s
  [2325/2745] ok=182 miss=2143 elapsed=1013s
  [2350/2745] ok=182 miss=2168 elapsed=1013s
  [2375/2745] ok=182 miss=2193 elapsed=1013s
  [2400/2745] ok=182 miss=2218 elapsed=1013s
  [2425/2745] ok=182 miss=2243 elapsed=1013s
  [2450/2745] ok=182 miss=2268 elapsed=1013s
  [2475/2745] ok=182 miss=2293 elapsed=1013s
  [2500/2745] ok=182 miss=2318 elapsed=1014s
  [2525/2745] ok=182 miss=2343 elapsed=1014s
  [2550/2745] ok=182 miss=2368 elapsed=1014s
  [2575/2745] ok=182 miss=2393 elapsed=1014s
  [2600/2745] ok=182 miss=2418 elapsed=1014s
  [2625/2745] ok=182 miss=2443 elapsed=1014s
  [2650/2745] ok=182 miss=2468 elapsed=1014s
  [2675/2745] ok=182 miss=2493 elapsed=1014s
  [2700/2745] ok=182 miss=2518 elapsed=1014s
  [2725/2745] ok=182 miss=2543 elapsed=1014s
2026-07-12 21:29:07 done: 182 dates stored, 2563 without data (1014s)
