2026-07-12 23:37:29 syncing earnings for 2547 symbols (delay 1.5s)
21STCENMGM.NS: No earnings dates found, symbol may be delisted
3BBLACKBIO.NS: No earnings dates found, symbol may be delisted
3IINFOLTD.NS: No earnings dates found, symbol may be delisted
3MINDIA.NS: No earnings dates found, symbol may be delisted
3PLAND.NS: No earnings dates found, symbol may be delisted
5PAISA.NS: No earnings dates found, symbol may be delisted
A2ZINFRA.NS: No earnings dates found, symbol may be delisted
AAATECH.NS: No earnings dates found, symbol may be delisted
AAKASH.NS: No earnings dates found, symbol may be delisted
AAREYDRUGS.NS: No earnings dates found, symbol may be delisted
AARNAV.NS: No earnings dates found, symbol may be delisted
AARON.NS: No earnings dates found, symbol may be delisted
AARTECH.NS: No earnings dates found, symbol may be delisted
AARTIPHARM.NS: No earnings dates found, symbol may be delisted
AARTISURF.NS: No earnings dates found, symbol may be delisted
AARVI.NS: No earnings dates found, symbol may be delisted
AASTHA.NS: No earnings dates found, symbol may be delisted
ABANSENT.NS: No earnings dates found, symbol may be delisted
ABCOTS.NS: No earnings dates found, symbol may be delisted
ABGSEC.NS: No earnings dates found, symbol may be delisted
ABINFRA.NS: No earnings dates found, symbol may be delisted
ABMINTLLTD.NS: No earnings dates found, symbol may be delisted
ABMKNO.NS: No earnings dates found, symbol may be delisted
ABSL10BANK.NS: No earnings dates found, symbol may be delisted
  [25/2547] ok=1 miss=24 elapsed=77s
ABSLBANETF.NS: No earnings dates found, symbol may be delisted
ABSLLIQUID.NS: No earnings dates found, symbol may be delisted
ABSLMSCIN.NS: No earnings dates found, symbol may be delisted
ABSLNN50ET.NS: No earnings dates found, symbol may be delisted
ABSLPSE.NS: No earnings dates found, symbol may be delisted
ACCURACY.NS: No earnings dates found, symbol may be delisted
ACEINTEG.NS: No earnings dates found, symbol may be delisted
ACL.NS: No earnings dates found, symbol may be delisted
ACSTECH.NS: No earnings dates found, symbol may be delisted
ADL.NS: No earnings dates found, symbol may be delisted
ADSL.NS: No earnings dates found, symbol may be delisted
ADVAIT.NS: No earnings dates found, symbol may be delisted
ADVANCE.NS: No earnings dates found, symbol may be delisted
ADVENTHTL.NS: No earnings dates found, symbol may be delisted
AEGISVOPAK.NS: No earnings dates found, symbol may be delisted
AEPL.NS: No earnings dates found, symbol may be delisted
AEQUS.NS: No earnings dates found, symbol may be delisted
AEROENTER.NS: No earnings dates found, symbol may be delisted
AEROFLEX.NS: No earnings dates found, symbol may be delisted
AERONEU.NS: No earnings dates found, symbol may be delisted
AFFORDABLE.NS: No earnings dates found, symbol may be delisted
AFIL.NS: No earnings dates found, symbol may be delisted
AFSL.NS: No earnings dates found, symbol may be delisted
AGIIL.NS: No earnings dates found, symbol may be delisted
  [50/2547] ok=2 miss=48 elapsed=149s
AGL.NS: No earnings dates found, symbol may be delisted
AGRITECH.NS: No earnings dates found, symbol may be delisted
AGROPHOS.NS: No earnings dates found, symbol may be delisted
AGSTRA.NS: No earnings dates found, symbol may be delisted
AHCL.NS: No earnings dates found, symbol may be delisted
AHLADA.NS: No earnings dates found, symbol may be delisted
AHLWEST.NS: No earnings dates found, symbol may be delisted
AIIL.NS: No earnings dates found, symbol may be delisted
AIRAN.NS: No earnings dates found, symbol may be delisted
AIROLAM.NS: No earnings dates found, symbol may be delisted
AJAXENGG.NS: No earnings dates found, symbol may be delisted
AJOONI.NS: No earnings dates found, symbol may be delisted
AKASH.NS: No earnings dates found, symbol may be delisted
AKCAPIT.NS: No earnings dates found, symbol may be delisted
AKG.NS: No earnings dates found, symbol may be delisted
AKI.NS: No earnings dates found, symbol may be delisted
AKSHAR.NS: No earnings dates found, symbol may be delisted
HTTP Error 404: {"quoteSummary":{"result":null,"error":{"code":"Not Found","description":"Quote not found for symbol: AKZOINDIA.NS"}}}
AKZOINDIA.NS: No earnings dates found, symbol may be delisted
ALANKIT.NS: No earnings dates found, symbol may be delisted
ALEMBICLTD.NS: No earnings dates found, symbol may be delisted
ALGOQUANT.NS: No earnings dates found, symbol may be delisted
ALKALI.NS: No earnings dates found, symbol may be delisted
ALLTIME.NS: No earnings dates found, symbol may be delisted
ALMONDZ.NS: No earnings dates found, symbol may be delisted
  [75/2547] ok=3 miss=72 elapsed=222s
ALPHA.NS: No earnings dates found, symbol may be delisted
ALPHAETF.NS: No earnings dates found, symbol may be delisted
ALPL30IETF.NS: No earnings dates found, symbol may be delisted
ALPSINDUS.NS: No earnings dates found, symbol may be delisted
AMANTA.NS: No earnings dates found, symbol may be delisted
AMBALALSA.NS: No earnings dates found, symbol may be delisted
AMBICAAGAR.NS: No earnings dates found, symbol may be delisted
AMDIND.NS: No earnings dates found, symbol may be delisted
AMIRCHAND.NS: No earnings dates found, symbol may be delisted
AMJLAND.NS: No earnings dates found, symbol may be delisted
AMNPLST.NS: No earnings dates found, symbol may be delisted
ANDHRAPET.BO: No earnings dates found, symbol may be delisted
ANDHRSUGAR.NS: No earnings dates found, symbol may be delisted
ANIKINDS.NS: No earnings dates found, symbol may be delisted
ANKITMETAL.NS: No earnings dates found, symbol may be delisted
ANMOL.NS: No earnings dates found, symbol may be delisted
ANTELOPUS.NS: No earnings dates found, symbol may be delisted
ANTGRAPHIC.NS: No earnings dates found, symbol may be delisted
ANUHPHR.NS: No earnings dates found, symbol may be delisted
AONEGOLD.NS: No earnings dates found, symbol may be delisted
AONELIQUID.NS: No earnings dates found, symbol may be delisted
AONENIFTY.NS: No earnings dates found, symbol may be delisted
AONESILVER.NS: No earnings dates found, symbol may be delisted
AONETMMQ50.NS: No earnings dates found, symbol may be delisted
AONETOTAL.NS: No earnings dates found, symbol may be delisted
  [100/2547] ok=3 miss=97 elapsed=295s
APOLLO.NS: No earnings dates found, symbol may be delisted
APOLSINHOT.NS: No earnings dates found, symbol may be delisted
AQYLON.NS: No earnings dates found, symbol may be delisted
ARCHIES.NS: No earnings dates found, symbol may be delisted
ARENTERP.NS: No earnings dates found, symbol may be delisted
ARFIN.NS: No earnings dates found, symbol may be delisted
ARIHANT.NS: No earnings dates found, symbol may be delisted
ARIHANTCAP.NS: No earnings dates found, symbol may be delisted
ARIS.NS: No earnings dates found, symbol may be delisted
ARKADE.NS: No earnings dates found, symbol may be delisted
ARSSBL.NS: No earnings dates found, symbol may be delisted
ARSSINFRA.NS: No earnings dates found, symbol may be delisted
ARTEMISMED.NS: No earnings dates found, symbol may be delisted
ARTNIRMAN.NS: No earnings dates found, symbol may be delisted
ARVEE.NS: No earnings dates found, symbol may be delisted
ASAL.NS: No earnings dates found, symbol may be delisted
ASHAPURMIN.NS: No earnings dates found, symbol may be delisted
ASHIKA.NS: No earnings dates found, symbol may be delisted
ASHIMASYN.NS: No earnings dates found, symbol may be delisted
ASHOKAMET.NS: No earnings dates found, symbol may be delisted
ASIANENE.NS: No earnings dates found, symbol may be delisted
ASIANHOTNR.NS: No earnings dates found, symbol may be delisted
ASMS.NS: No earnings dates found, symbol may be delisted
ASPINWALL.NS: No earnings dates found, symbol may be delisted
  [125/2547] ok=4 miss=121 elapsed=367s
ASTAR.NS: No earnings dates found, symbol may be delisted
ATALREAL.NS: No earnings dates found, symbol may be delisted
ATAM.NS: No earnings dates found, symbol may be delisted
ATL.NS: No earnings dates found, symbol may be delisted
ATLANTAELE.NS: No earnings dates found, symbol may be delisted
AURIGROW.NS: No earnings dates found, symbol may be delisted
AUSOMENT.NS: No earnings dates found, symbol may be delisted
AUTOBEES.NS: No earnings dates found, symbol may be delisted
AUTOIETF.NS: No earnings dates found, symbol may be delisted
AUTOIND.NS: No earnings dates found, symbol may be delisted
AVADHSUGAR.NS: No earnings dates found, symbol may be delisted
AVANTEL.NS: No earnings dates found, symbol may be delisted
AVG.NS: No earnings dates found, symbol may be delisted
AVONMORE.NS: No earnings dates found, symbol may be delisted
AVROIND.NS: No earnings dates found, symbol may be delisted
AWL.NS: No earnings dates found, symbol may be delisted
AXISBNKETF.NS: No earnings dates found, symbol may be delisted
AXISCETF.NS: No earnings dates found, symbol may be delisted
AXISGOLD.NS: No earnings dates found, symbol may be delisted
AXISHCETF.NS: No earnings dates found, symbol may be delisted
AXISILVER.NS: No earnings dates found, symbol may be delisted
AXISNIFTY.NS: No earnings dates found, symbol may be delisted
AXISTECETF.NS: No earnings dates found, symbol may be delisted
AXISVALUE.NS: No earnings dates found, symbol may be delisted
  [150/2547] ok=5 miss=145 elapsed=440s
AXITA.NS: No earnings dates found, symbol may be delisted
AXSENSEX.NS: No earnings dates found, symbol may be delisted
AYE.NS: No earnings dates found, symbol may be delisted
BAFNAPH.NS: No earnings dates found, symbol may be delisted
BAGFILMS.NS: No earnings dates found, symbol may be delisted
BAIDFIN.NS: No earnings dates found, symbol may be delisted
BAJAJHCARE.NS: No earnings dates found, symbol may be delisted
BAJAJINDEF.NS: No earnings dates found, symbol may be delisted
BAJAJST.NS: No earnings dates found, symbol may be delisted
BAJEL.NS: No earnings dates found, symbol may be delisted
BALAJEE.NS: No earnings dates found, symbol may be delisted
BALAJITELE.NS: No earnings dates found, symbol may be delisted
BALAXI.NS: No earnings dates found, symbol may be delisted
BALKRISHNA.NS: No earnings dates found, symbol may be delisted
BALPHARMA.NS: No earnings dates found, symbol may be delisted
BANARBEADS.NS: No earnings dates found, symbol may be delisted
BANARISUG.NS: No earnings dates found, symbol may be delisted
BANK10ADD.NS: No earnings dates found, symbol may be delisted
BANKA.NS: No earnings dates found, symbol may be delisted
BANKADD.NS: No earnings dates found, symbol may be delisted
BANKBEES.NS: No earnings dates found, symbol may be delisted
BANKBETA.NS: No earnings dates found, symbol may be delisted
BANKBETF.NS: No earnings dates found, symbol may be delisted
BANKETF.NS: No earnings dates found, symbol may be delisted
BANKIETF.NS: No earnings dates found, symbol may be delisted
  [175/2547] ok=5 miss=170 elapsed=514s
BANKNIFTY1.NS: No earnings dates found, symbol may be delisted
BANKPSU.NS: No earnings dates found, symbol may be delisted
BANSALWIRE.NS: No earnings dates found, symbol may be delisted
BATLIBOI.NS: No earnings dates found, symbol may be delisted
BBETF0432.NS: No earnings dates found, symbol may be delisted
BBNPNBETF.NS: No earnings dates found, symbol may be delisted
BBNPPGOLD.NS: No earnings dates found, symbol may be delisted
BBTC.NS: No earnings dates found, symbol may be delisted
BBTCL.NS: No earnings dates found, symbol may be delisted
BCLIND.NS: No earnings dates found, symbol may be delisted
BCONCEPTS.NS: No earnings dates found, symbol may be delisted
BCPL.NS: No earnings dates found, symbol may be delisted
BEARDSELL.NS: No earnings dates found, symbol may be delisted
BEDMUTHA.NS: No earnings dates found, symbol may be delisted
BEEKAY.NS: No earnings dates found, symbol may be delisted
BELLACASA.NS: No earnings dates found, symbol may be delisted
BENGALASM.NS: No earnings dates found, symbol may be delisted
BETA.NS: No earnings dates found, symbol may be delisted
BFINVEST.NS: No earnings dates found, symbol may be delisted
BFSI.NS: No earnings dates found, symbol may be delisted
BFUTILITIE.NS: No earnings dates found, symbol may be delisted
BHAGCHEM.NS: No earnings dates found, symbol may be delisted
BHANDARI.NS: No earnings dates found, symbol may be delisted
BHARATCOAL.NS: No earnings dates found, symbol may be delisted
BHARATSE.NS: No earnings dates found, symbol may be delisted
  [200/2547] ok=5 miss=195 elapsed=586s
BI.NS: No earnings dates found, symbol may be delisted
BILVYAPAR.NS: No earnings dates found, symbol may be delisted
BIMETAL.NS: No earnings dates found, symbol may be delisted
BIOFILCHEM.NS: No earnings dates found, symbol may be delisted
HTTP Error 404: {"quoteSummary":{"result":null,"error":{"code":"Not Found","description":"No fundamentals data found for symbol: BIRET.NS"}}}
BIRET.NS: No earnings dates found, symbol may be delisted
BIRLAPREC.NS: No earnings dates found, symbol may be delisted
BLACKROSE.NS: No earnings dates found, symbol may be delisted
BLAL.NS: No earnings dates found, symbol may be delisted
BLBLIMITED.NS: No earnings dates found, symbol may be delisted
BLIL.NS: No earnings dates found, symbol may be delisted
BLSE.NS: No earnings dates found, symbol may be delisted
BLUECHIP.NS: No earnings dates found, symbol may be delisted
BLUECOAST.NS: No earnings dates found, symbol may be delisted
BLUSPRING.NS: No earnings dates found, symbol may be delisted
BMWVENTLTD.NS: No earnings dates found, symbol may be delisted
BNAGROCHEM.NS: No earnings dates found, symbol may be delisted
BNALTD.NS: No earnings dates found, symbol may be delisted
BNKETFAXIS.NS: No earnings dates found, symbol may be delisted
BOHRAIND.NS: No earnings dates found, symbol may be delisted
BOMDYEING.NS: No earnings dates found, symbol may be delisted
BONLON.NS: No earnings dates found, symbol may be delisted
BORANA.NS: No earnings dates found, symbol may be delisted
BOROLTD.NS: No earnings dates found, symbol may be delisted
  [225/2547] ok=7 miss=218 elapsed=662s
BOROSCI.NS: No earnings dates found, symbol may be delisted
BPL.NS: No earnings dates found, symbol may be delisted
BRIGHOTEL.NS: No earnings dates found, symbol may be delisted
BRNL.NS: No earnings dates found, symbol may be delisted
BSE500IETF.NS: No earnings dates found, symbol may be delisted
BSHSL.NS: No earnings dates found, symbol may be delisted
BSLGOLDETF.NS: No earnings dates found, symbol may be delisted
BSLNIFTY.NS: No earnings dates found, symbol may be delisted
BSLSENETFG.NS: No earnings dates found, symbol may be delisted
BTML.NS: No earnings dates found, symbol may be delisted
BTTL.NS: No earnings dates found, symbol may be delisted
BUILDPRO.NS: No earnings dates found, symbol may be delisted
BURNPUR.NS: No earnings dates found, symbol may be delisted
BVCL.NS: No earnings dates found, symbol may be delisted
  [250/2547] ok=18 miss=232 elapsed=730s
CALSOFT.NS: No earnings dates found, symbol may be delisted
CANHLIFE.NS: No earnings dates found, symbol may be delisted
CAPILLARY.NS: No earnings dates found, symbol may be delisted
CARRARO.NS: No earnings dates found, symbol may be delisted
CASHIETF.NS: No earnings dates found, symbol may be delisted
CCHHL.NS: No earnings dates found, symbol may be delisted
  [275/2547] ok=37 miss=238 elapsed=799s
CEINSYS.NS: No earnings dates found, symbol may be delisted
CELEBRITY.NS: No earnings dates found, symbol may be delisted
CENTEXT.NS: No earnings dates found, symbol may be delisted
CENTRALBK.NS: No earnings dates found, symbol may be delisted
CENTRUM.NS: No earnings dates found, symbol may be delisted
CEREBRAINT.NS: No earnings dates found, symbol may be delisted
CEWATER.NS: No earnings dates found, symbol may be delisted
CHEMBOND.NS: No earnings dates found, symbol may be delisted
CHEMBONDCH.NS: No earnings dates found, symbol may be delisted
CHEMCON.NS: No earnings dates found, symbol may be delisted
CHEMICAL.NS: No earnings dates found, symbol may be delisted
  [300/2547] ok=51 miss=249 elapsed=869s
CHEVIOT.NS: No earnings dates found, symbol may be delisted
CHOICEGOLD.NS: No earnings dates found, symbol may be delisted
CIFL.NS: No earnings dates found, symbol may be delisted
CINELINE.NS: No earnings dates found, symbol may be delisted
CINEVISTA.NS: No earnings dates found, symbol may be delisted
CLCIND.NS: No earnings dates found, symbol may be delisted
CLEANMAX.NS: No earnings dates found, symbol may be delisted
CLEDUCATE.NS: No earnings dates found, symbol may be delisted
CLSEL.NS: No earnings dates found, symbol may be delisted
CMPDI.NS: No earnings dates found, symbol may be delisted
CMRGREEN.NS: No earnings dates found, symbol may be delisted
CNL.NS: No earnings dates found, symbol may be delisted
COASTCORP.NS: No earnings dates found, symbol may be delisted
  [325/2547] ok=63 miss=262 elapsed=936s
COCKERILL.NS: No earnings dates found, symbol may be delisted
COMFINTE.NS: No earnings dates found, symbol may be delisted
COMMOIETF.NS: No earnings dates found, symbol may be delisted
COMPUSOFT.NS: No earnings dates found, symbol may be delisted
COMSYN.NS: No earnings dates found, symbol may be delisted
CONFIPET.NS: No earnings dates found, symbol may be delisted
CONS.NS: No earnings dates found, symbol may be delisted
CONSOFINVT.NS: No earnings dates found, symbol may be delisted
CONSUMAXIS.NS: No earnings dates found, symbol may be delisted
CONSUMBEES.NS: No earnings dates found, symbol may be delisted
CONSUMER.NS: No earnings dates found, symbol may be delisted
CONSUMIETF.NS: No earnings dates found, symbol may be delisted
CORDELIA.NS: No earnings dates found, symbol may be delisted
  [350/2547] ok=75 miss=275 elapsed=1004s
COUNCODOS.NS: No earnings dates found, symbol may be delisted
CPCAP.NS: No earnings dates found, symbol may be delisted
CPEDU.NS: No earnings dates found, symbol may be delisted
CPSEETF.NS: No earnings dates found, symbol may be delisted
CRAMC.NS: No earnings dates found, symbol may be delisted
CREATIVEYE.NS: No earnings dates found, symbol may be delisted
CROWN.NS: No earnings dates found, symbol may be delisted
CSLFINANCE.NS: No earnings dates found, symbol may be delisted
CSM.NS: No earnings dates found, symbol may be delisted
CUBEXTUB.NS: No earnings dates found, symbol may be delisted
CUPID.NS: No earnings dates found, symbol may be delisted
CURAA.NS: No earnings dates found, symbol may be delisted
CYBERMEDIA.NS: No earnings dates found, symbol may be delisted
  [375/2547] ok=87 miss=288 elapsed=1075s
DAICHI.NS: No earnings dates found, symbol may be delisted
DAMCAPITAL.NS: No earnings dates found, symbol may be delisted
DANGEE.NS: No earnings dates found, symbol may be delisted
DAVANGERE.NS: No earnings dates found, symbol may be delisted
DBEIL.NS: No earnings dates found, symbol may be delisted
DBOL.NS: No earnings dates found, symbol may be delisted
DBREALTY.NS: No earnings dates found, symbol may be delisted
DBSTOCKBRO.NS: No earnings dates found, symbol may be delisted
DCI.NS: No earnings dates found, symbol may be delisted
DCM.NS: No earnings dates found, symbol may be delisted
DCMFINSERV.NS: No earnings dates found, symbol may be delisted
DCMNVL.NS: No earnings dates found, symbol may be delisted
DCMSIL.NS: No earnings dates found, symbol may be delisted
  [400/2547] ok=99 miss=301 elapsed=1144s
DCMSRIND.NS: No earnings dates found, symbol may be delisted
DCW.NS: No earnings dates found, symbol may be delisted
DCXINDIA.NS: No earnings dates found, symbol may be delisted
DECNGOLD.NS: No earnings dates found, symbol may be delisted
DEEDEV.NS: No earnings dates found, symbol may be delisted
DEEPINDS.NS: No earnings dates found, symbol may be delisted
DEFENCE.NS: No earnings dates found, symbol may be delisted
DELTAMAGNT.NS: No earnings dates found, symbol may be delisted
DENORA.NS: No earnings dates found, symbol may be delisted
DENTA.NS: No earnings dates found, symbol may be delisted
DEVIT.NS: No earnings dates found, symbol may be delisted
DEVX.NS: No earnings dates found, symbol may be delisted
DGCONTENT.NS: No earnings dates found, symbol may be delisted
DHANBANK.NS: No earnings dates found, symbol may be delisted
DHANUKA.NS: No earnings dates found, symbol may be delisted
  [425/2547] ok=109 miss=316 elapsed=1212s
DHARMAJ.NS: No earnings dates found, symbol may be delisted
DHRUV.NS: No earnings dates found, symbol may be delisted
DHUNINV.NS: No earnings dates found, symbol may be delisted
DIACABS.NS: No earnings dates found, symbol may be delisted
DIAMINESQ.NS: No earnings dates found, symbol may be delisted
DIFFNKG.NS: No earnings dates found, symbol may be delisted
DIGIDRIVE.NS: No earnings dates found, symbol may be delisted
DIGISPICE.NS: No earnings dates found, symbol may be delisted
DIGITIDE.NS: No earnings dates found, symbol may be delisted
DIGJAMLMTD.NS: No earnings dates found, symbol may be delisted
DIL.NS: No earnings dates found, symbol may be delisted
DISAQ.NS: No earnings dates found, symbol may be delisted
DIVGIITTS.NS: No earnings dates found, symbol may be delisted
DIVIDEND.NS: No earnings dates found, symbol may be delisted
DIVOPPBEES.NS: No earnings dates found, symbol may be delisted
DJML.NS: No earnings dates found, symbol may be delisted
DMCC.NS: No earnings dates found, symbol may be delisted
  [450/2547] ok=117 miss=333 elapsed=1281s
DNAMEDIA.NS: No earnings dates found, symbol may be delisted
DOLATALGO.NS: No earnings dates found, symbol may be delisted
DOLLAR.NS: No earnings dates found, symbol may be delisted
DOLPHIN.NS: No earnings dates found, symbol may be delisted
DPABHUSHAN.NS: No earnings dates found, symbol may be delisted
DPSCLTD.NS: No earnings dates found, symbol may be delisted
DPWIRES.NS: No earnings dates found, symbol may be delisted
DRAGARWQ.NS: No earnings dates found, symbol may be delisted
DRCSYSTEMS.NS: No earnings dates found, symbol may be delisted
DREDGECORP.NS: No earnings dates found, symbol may be delisted
DSFCL.NS: No earnings dates found, symbol may be delisted
DTIL.NS: No earnings dates found, symbol may be delisted
DUCON.NS: No earnings dates found, symbol may be delisted
DVL.NS: No earnings dates found, symbol may be delisted
DYCL.NS: No earnings dates found, symbol may be delisted
DYNPRO.NS: No earnings dates found, symbol may be delisted
E2E.NS: No earnings dates found, symbol may be delisted
  [475/2547] ok=125 miss=350 elapsed=1352s
EASTSILK.NS: No earnings dates found, symbol may be delisted
EBANKNIFTY.NS: No earnings dates found, symbol may be delisted
EBBETF0430.NS: No earnings dates found, symbol may be delisted
EBBETF0431.NS: No earnings dates found, symbol may be delisted
EBBETF0433.NS: No earnings dates found, symbol may be delisted
EBGNG.NS: No earnings dates found, symbol may be delisted
ECAPINSURE.NS: No earnings dates found, symbol may be delisted
EFCIL.NS: No earnings dates found, symbol may be delisted
EGOLD.NS: No earnings dates found, symbol may be delisted
EIEL.NS: No earnings dates found, symbol may be delisted
EIFFL.NS: No earnings dates found, symbol may be delisted
ELANTAS.NS: No earnings dates found, symbol may be delisted
ELCIDIN.NS: No earnings dates found, symbol may be delisted
ELDEHSG.NS: No earnings dates found, symbol may be delisted
  [500/2547] ok=136 miss=364 elapsed=1424s
ELECTCAST.NS: No earnings dates found, symbol may be delisted
ELECTHERM.NS: No earnings dates found, symbol may be delisted
ELGIRUBCO.NS: No earnings dates found, symbol may be delisted
ELIQUID.NS: No earnings dates found, symbol may be delisted
ELITECON.NS: No earnings dates found, symbol may be delisted
ELLEN.NS: No earnings dates found, symbol may be delisted
ELM250.NS: No earnings dates found, symbol may be delisted
ELPROINTL.NS: No earnings dates found, symbol may be delisted
EMAMIPAP.NS: No earnings dates found, symbol may be delisted
EMAMIREAL.NS: No earnings dates found, symbol may be delisted
HTTP Error 404: {"quoteSummary":{"result":null,"error":{"code":"Not Found","description":"No fundamentals data found for symbol: EMBASSY.NS"}}}
EMBASSY.NS: No earnings dates found, symbol may be delisted
EMPOWER.NS: No earnings dates found, symbol may be delisted
EMSLIMITED.NS: No earnings dates found, symbol may be delisted
EMUDHRA.NS: No earnings dates found, symbol may be delisted
EMULTIMQ.NS: No earnings dates found, symbol may be delisted
  [525/2547] ok=146 miss=379 elapsed=1496s
ENERGYDEV.NS: No earnings dates found, symbol may be delisted
ENEXT50.NS: No earnings dates found, symbol may be delisted
ENIFTY.NS: No earnings dates found, symbol may be delisted
EPACK.NS: No earnings dates found, symbol may be delisted
EPACKPEB.NS: No earnings dates found, symbol may be delisted
EQUAL200.NS: No earnings dates found, symbol may be delisted
EQUAL50.NS: No earnings dates found, symbol may be delisted
EQUAL50ADD.NS: No earnings dates found, symbol may be delisted
EQUIPPP.NS: No earnings dates found, symbol may be delisted
ESAFSFB.NS: No earnings dates found, symbol may be delisted
ESENSEX.NS: No earnings dates found, symbol may be delisted
ESG.NS: No earnings dates found, symbol may be delisted
ESILVER.NS: No earnings dates found, symbol may be delisted
ESSARSHPNG.NS: No earnings dates found, symbol may be delisted
ESSENTIA.NS: No earnings dates found, symbol may be delisted
  [550/2547] ok=156 miss=394 elapsed=1571s
ESTER.NS: No earnings dates found, symbol may be delisted
EUROBOND.NS: No earnings dates found, symbol may be delisted
EUROPRATIK.NS: No earnings dates found, symbol may be delisted
EUROTEXIND.NS: No earnings dates found, symbol may be delisted
EVIETF.NS: No earnings dates found, symbol may be delisted
EVINDIA.NS: No earnings dates found, symbol may be delisted
EXCELSOFT.NS: No earnings dates found, symbol may be delisted
EXICOM.NS: No earnings dates found, symbol may be delisted
EXXARO.NS: No earnings dates found, symbol may be delisted
FABTECH.NS: No earnings dates found, symbol may be delisted
FACT.NS: No earnings dates found, symbol may be delisted
FAIRCHEMOR.NS: No earnings dates found, symbol may be delisted
FAZE3Q.NS: No earnings dates found, symbol may be delisted
FCL.NS: No earnings dates found, symbol may be delisted
FCSSOFT.NS: No earnings dates found, symbol may be delisted
  [575/2547] ok=166 miss=409 elapsed=1643s
FEDDERSHOL.NS: No earnings dates found, symbol may be delisted
FELDVR.NS: No earnings dates found, symbol may be delisted
FERMENTA.NS: No earnings dates found, symbol may be delisted
FIBERWEB.NS: No earnings dates found, symbol may be delisted
FILATFASH.NS: No earnings dates found, symbol may be delisted
FINIETF.NS: No earnings dates found, symbol may be delisted
FINKURVE.NS: No earnings dates found, symbol may be delisted
FISCHER.NS: No earnings dates found, symbol may be delisted
FLEXIADD.NS: No earnings dates found, symbol may be delisted
FLEXITUFF.NS: No earnings dates found, symbol may be delisted
FMCGADD.NS: No earnings dates found, symbol may be delisted
FMCGIETF.NS: No earnings dates found, symbol may be delisted
  [600/2547] ok=179 miss=421 elapsed=1719s
FMNL.NS: No earnings dates found, symbol may be delisted
FOCUS.NS: No earnings dates found, symbol may be delisted
FOODSIN.NS: No earnings dates found, symbol may be delisted
FORCEMOT.NS: No earnings dates found, symbol may be delisted
GALAPREC.NS: No earnings dates found, symbol may be delisted
GANDHAR.NS: No earnings dates found, symbol may be delisted
GANESHBE.NS: No earnings dates found, symbol may be delisted
GANESHCP.NS: No earnings dates found, symbol may be delisted
GANGAFO-RE.NS: No earnings dates found, symbol may be delisted
GANGAFORGE.NS: No earnings dates found, symbol may be delisted
GANGESSECU.NS: No earnings dates found, symbol may be delisted
  [625/2547] ok=190 miss=435 elapsed=1896s
GARUDA.NS: No earnings dates found, symbol may be delisted
GATECH.NS: No earnings dates found, symbol may be delisted
GATECHDVR.NS: No earnings dates found, symbol may be delisted
GAUDIUMIVF.NS: No earnings dates found, symbol may be delisted
GAYAHWS.NS: No earnings dates found, symbol may be delisted
GCSL.NS: No earnings dates found, symbol may be delisted
GEEKAYWIRE.NS: No earnings dates found, symbol may be delisted
GEMAROMA.NS: No earnings dates found, symbol may be delisted
GENCON.NS: No earnings dates found, symbol may be delisted
GENSOL.NS: No earnings dates found, symbol may be delisted
GFSTEELS.NS: No earnings dates found, symbol may be delisted
GHCLTEXTIL.NS: No earnings dates found, symbol may be delisted
GICL.NS: No earnings dates found, symbol may be delisted
  [650/2547] ok=202 miss=448 elapsed=1966s
GICRE.NS: No earnings dates found, symbol may be delisted
GILLANDERS.NS: No earnings dates found, symbol may be delisted
GILT10BETA.NS: No earnings dates found, symbol may be delisted
GILT5BETA.NS: No earnings dates found, symbol may be delisted
GILT5YBEES.NS: No earnings dates found, symbol may be delisted
GKENERGY.NS: No earnings dates found, symbol may be delisted
GKSL.NS: No earnings dates found, symbol may be delisted
GKWLIMITED.NS: No earnings dates found, symbol may be delisted
GLFL.NS: No earnings dates found, symbol may be delisted
GLOBAL.NS: No earnings dates found, symbol may be delisted
GLOBALE.NS: No earnings dates found, symbol may be delisted
GLOBE.NS: No earnings dates found, symbol may be delisted
GLOBECIVIL.NS: No earnings dates found, symbol may be delisted
GLOSTERLTD.NS: No earnings dates found, symbol may be delisted
GLOTTIS.NS: No earnings dates found, symbol may be delisted
  [675/2547] ok=212 miss=463 elapsed=2035s
GMRP&UI.NS: No earnings dates found, symbol may be delisted
GNRL.NS: No earnings dates found, symbol may be delisted
GODAVARIB.NS: No earnings dates found, symbol may be delisted
GOKUL.NS: No earnings dates found, symbol may be delisted
GOLD1.NS: No earnings dates found, symbol may be delisted
GOLD360.NS: No earnings dates found, symbol may be delisted
GOLDADD.NS: No earnings dates found, symbol may be delisted
GOLDAXIS.NS: No earnings dates found, symbol may be delisted
GOLDBEES.NS: No earnings dates found, symbol may be delisted
GOLDBETA.NS: No earnings dates found, symbol may be delisted
  [700/2547] ok=227 miss=473 elapsed=2100s
GOLDBND.NS: No earnings dates found, symbol may be delisted
GOLDCASE.NS: No earnings dates found, symbol may be delisted
GOLDETF.NS: No earnings dates found, symbol may be delisted
GOLDIETF.NS: No earnings dates found, symbol may be delisted
GOLDTECH.NS: No earnings dates found, symbol may be delisted
GOODYEAR.NS: No earnings dates found, symbol may be delisted
GOYALALUM.NS: No earnings dates found, symbol may be delisted
GPTHEALTH.NS: No earnings dates found, symbol may be delisted
GRADIENTE.NS: No earnings dates found, symbol may be delisted
GRANDOAK.NS: No earnings dates found, symbol may be delisted
GRAUWEIL.NS: No earnings dates found, symbol may be delisted
GRAVISSHO.NS: No earnings dates found, symbol may be delisted
GREENPOWER.NS: No earnings dates found, symbol may be delisted
  [725/2547] ok=239 miss=486 elapsed=2168s
GRMOVER.NS: No earnings dates found, symbol may be delisted
GROBTEA.NS: No earnings dates found, symbol may be delisted
GROWWCAPM.NS: No earnings dates found, symbol may be delisted
GROWWCHEM.NS: No earnings dates found, symbol may be delisted
GROWWDEFNC.NS: No earnings dates found, symbol may be delisted
GROWWEV.NS: No earnings dates found, symbol may be delisted
GROWWGOLD.NS: No earnings dates found, symbol may be delisted
GROWWHOSPI.NS: No earnings dates found, symbol may be delisted
GROWWLIQID.NS: No earnings dates found, symbol may be delisted
GROWWLOVOL.NS: No earnings dates found, symbol may be delisted
GROWWMC150.NS: No earnings dates found, symbol may be delisted
GROWWMETAL.NS: No earnings dates found, symbol may be delisted
GROWWMOM50.NS: No earnings dates found, symbol may be delisted
GROWWN200.NS: No earnings dates found, symbol may be delisted
GROWWNET.NS: No earnings dates found, symbol may be delisted
GROWWNIFTY.NS: No earnings dates found, symbol may be delisted
GROWWNXT50.NS: No earnings dates found, symbol may be delisted
GROWWPOWER.NS: No earnings dates found, symbol may be delisted
GROWWPSE.NS: No earnings dates found, symbol may be delisted
GROWWPSUBK.NS: No earnings dates found, symbol may be delisted
GROWWRAIL.NS: No earnings dates found, symbol may be delisted
GROWWRLTY.NS: No earnings dates found, symbol may be delisted
  [750/2547] ok=242 miss=508 elapsed=2236s
  [775/2547] ok=242 miss=533 elapsed=9498s
  [800/2547] ok=242 miss=558 elapsed=17470s
  [825/2547] ok=242 miss=583 elapsed=22920s
  [850/2547] ok=242 miss=608 elapsed=29724s
  [875/2547] ok=242 miss=633 elapsed=32475s
  [900/2547] ok=242 miss=658 elapsed=32513s
  [925/2547] ok=242 miss=683 elapsed=32551s
  [950/2547] ok=242 miss=708 elapsed=32589s
  [975/2547] ok=242 miss=733 elapsed=32626s
  [1000/2547] ok=242 miss=758 elapsed=32664s
  [1025/2547] ok=242 miss=783 elapsed=32702s
  [1050/2547] ok=242 miss=808 elapsed=32740s
  [1075/2547] ok=242 miss=833 elapsed=32778s
KAMOPAINTS.NS: No earnings dates found, symbol may be delisted
KANANIIND.NS: No earnings dates found, symbol may be delisted
KANCHI.NS: No earnings dates found, symbol may be delisted
KANPRPLA.NS: No earnings dates found, symbol may be delisted
KAPSTON.NS: No earnings dates found, symbol may be delisted
KARMAENG.NS: No earnings dates found, symbol may be delisted
KAUSHALYA.NS: No earnings dates found, symbol may be delisted
  [1100/2547] ok=245 miss=855 elapsed=32828s
KAVDEFENCE.NS: No earnings dates found, symbol may be delisted
KECL.NS: No earnings dates found, symbol may be delisted
KEEPLEARN.NS: No earnings dates found, symbol may be delisted
KENNAMET.NS: No earnings dates found, symbol may be delisted
KERNEX.NS: No earnings dates found, symbol may be delisted
KESORAMIND.NS: No earnings dates found, symbol may be delisted
KEYFINSERV.NS: No earnings dates found, symbol may be delisted
KHAICHEM.NS: No earnings dates found, symbol may be delisted
KHAITANLTD.NS: No earnings dates found, symbol may be delisted
KHANDSE.NS: No earnings dates found, symbol may be delisted
KICL.NS: No earnings dates found, symbol may be delisted
KILITCH.NS: No earnings dates found, symbol may be delisted
KIOCL.NS: No earnings dates found, symbol may be delisted
  [1125/2547] ok=257 miss=868 elapsed=32899s
KIRANVYPAR.NS: No earnings dates found, symbol may be delisted
KIRLFER.NS: No earnings dates found, symbol may be delisted
KIRLOSIND.NS: No earnings dates found, symbol may be delisted
KISSHT.NS: No earnings dates found, symbol may be delisted
KLBRENG-B.NS: No earnings dates found, symbol may be delisted
KMEW.NS: No earnings dates found, symbol may be delisted
KMSUGAR.NS: No earnings dates found, symbol may be delisted
KNACK.NS: No earnings dates found, symbol may be delisted
KNAGRI.NS: No earnings dates found, symbol may be delisted
KOTARISUG.NS: No earnings dates found, symbol may be delisted
KOTHARIPET.NS: No earnings dates found, symbol may be delisted
KOTHARIPRO.NS: No earnings dates found, symbol may be delisted
KOTIC.NS: No earnings dates found, symbol may be delisted
  [1150/2547] ok=269 miss=881 elapsed=32972s
KOTYARK.NS: No earnings dates found, symbol may be delisted
KPEL.NS: No earnings dates found, symbol may be delisted
KPIGREEN.NS: No earnings dates found, symbol may be delisted
KPL.NS: No earnings dates found, symbol may be delisted
KREBSBIO.NS: No earnings dates found, symbol may be delisted
KRISHANA.NS: No earnings dates found, symbol may be delisted
KRISHIVAL.NS: No earnings dates found, symbol may be delisted
KRISHNADEF.NS: No earnings dates found, symbol may be delisted
KRITI.NS: No earnings dates found, symbol may be delisted
KRITIKA.NS: No earnings dates found, symbol may be delisted
KRITINUT.NS: No earnings dates found, symbol may be delisted
KRONOX.NS: No earnings dates found, symbol may be delisted
KROSS.NS: No earnings dates found, symbol may be delisted
HTTP Error 404: {"quoteSummary":{"result":null,"error":{"code":"Not Found","description":"No fundamentals data found for symbol: KRT.NS"}}}
KRT.NS: No earnings dates found, symbol may be delisted
KRYSTAL.NS: No earnings dates found, symbol may be delisted
  [1175/2547] ok=279 miss=896 elapsed=33041s
KSHINTL.NS: No earnings dates found, symbol may be delisted
KSHITIJPOL.NS: No earnings dates found, symbol may be delisted
KSOLVES.NS: No earnings dates found, symbol may be delisted
KSR.NS: No earnings dates found, symbol may be delisted
KWIL.NS: No earnings dates found, symbol may be delisted
LAGNAM.NS: No earnings dates found, symbol may be delisted
LAHOTIOV.NS: No earnings dates found, symbol may be delisted
LAL.NS: No earnings dates found, symbol may be delisted
LANCORHOL.NS: No earnings dates found, symbol may be delisted
LANDMARK.NS: No earnings dates found, symbol may be delisted
LANDSMILL.NS: No earnings dates found, symbol may be delisted
LASA.NS: No earnings dates found, symbol may be delisted
LATTEYS.NS: No earnings dates found, symbol may be delisted
LAXMICOT.NS: No earnings dates found, symbol may be delisted
LAXMIINDIA.NS: No earnings dates found, symbol may be delisted
LCCINFOTEC.NS: No earnings dates found, symbol may be delisted
LEMERITE.NS: No earnings dates found, symbol may be delisted
  [1200/2547] ok=287 miss=913 elapsed=33111s
LEXUS.NS: No earnings dates found, symbol may be delisted
LFIC.NS: No earnings dates found, symbol may be delisted
LGHL.NS: No earnings dates found, symbol may be delisted
LICMFGOLD.NS: No earnings dates found, symbol may be delisted
LICNETFGSC.NS: No earnings dates found, symbol may be delisted
LICNETFN50.NS: No earnings dates found, symbol may be delisted
LICNETFSEN.NS: No earnings dates found, symbol may be delisted
LICNFNHGP.NS: No earnings dates found, symbol may be delisted
LICNMID100.NS: No earnings dates found, symbol may be delisted
LIKHITHA.NS: No earnings dates found, symbol may be delisted
LIQGRWBEES.NS: No earnings dates found, symbol may be delisted
LIQUID.NS: No earnings dates found, symbol may be delisted
LIQUID1.NS: No earnings dates found, symbol may be delisted
LIQUIDADD.NS: No earnings dates found, symbol may be delisted
  [1225/2547] ok=297 miss=928 elapsed=33181s
LIQUIDBEES.NS: No earnings dates found, symbol may be delisted
LIQUIDBETF.NS: No earnings dates found, symbol may be delisted
LIQUIDCASE.NS: No earnings dates found, symbol may be delisted
LIQUIDETF.NS: No earnings dates found, symbol may be delisted
LIQUIDIETF.NS: No earnings dates found, symbol may be delisted
LIQUIDSBI.NS: No earnings dates found, symbol may be delisted
LIQUIDSHRI.NS: No earnings dates found, symbol may be delisted
LLOYDSENGG.NS: No earnings dates found, symbol may be delisted
LLOYDSENT.NS: No earnings dates found, symbol may be delisted
LORDSCHLO.NS: No earnings dates found, symbol may be delisted
LOTUSDEV.NS: No earnings dates found, symbol may be delisted
LOTUSEYE.NS: No earnings dates found, symbol may be delisted
LOWVOL.NS: No earnings dates found, symbol may be delisted
LOWVOL1.NS: No earnings dates found, symbol may be delisted
LOWVOLIETF.NS: No earnings dates found, symbol may be delisted
LOYALTEX.NS: No earnings dates found, symbol may be delisted
LPDC.NS: No earnings dates found, symbol may be delisted
  [1250/2547] ok=304 miss=946 elapsed=33252s
LTGILTBEES.NS: No earnings dates found, symbol may be delisted
LTGILTCASE.NS: No earnings dates found, symbol may be delisted
MACPOWER.NS: No earnings dates found, symbol may be delisted
MADHAV.NS: No earnings dates found, symbol may be delisted
MADHAVIPL.NS: No earnings dates found, symbol may be delisted
MADRASFERT.NS: No earnings dates found, symbol may be delisted
MAFANG.NS: No earnings dates found, symbol may be delisted
MAFATIND.NS: No earnings dates found, symbol may be delisted
MAGADSUGAR.NS: No earnings dates found, symbol may be delisted
MAGNUM.NS: No earnings dates found, symbol may be delisted
  [1275/2547] ok=318 miss=957 elapsed=33317s
MAHAPEXLTD.NS: No earnings dates found, symbol may be delisted
MAHASTEEL.NS: No earnings dates found, symbol may be delisted
MAHESHWARI.NS: No earnings dates found, symbol may be delisted
MAHKTECH.NS: No earnings dates found, symbol may be delisted
MAJESAUT.NS: No earnings dates found, symbol may be delisted
MAKEINDIA.NS: No earnings dates found, symbol may be delisted
MALLCOM.NS: No earnings dates found, symbol may be delisted
MALUPAPER.NS: No earnings dates found, symbol may be delisted
MAMATA.NS: No earnings dates found, symbol may be delisted
MANAKALUCO.NS: No earnings dates found, symbol may be delisted
MANAKCOAT.NS: No earnings dates found, symbol may be delisted
MANBA.NS: No earnings dates found, symbol may be delisted
MANCREDIT.NS: No earnings dates found, symbol may be delisted
  [1300/2547] ok=329 miss=971 elapsed=33389s
MANOMAY.NS: No earnings dates found, symbol may be delisted
MANORAMA.NS: No earnings dates found, symbol may be delisted
MANORG.NS: No earnings dates found, symbol may be delisted
MANUFGBEES.NS: No earnings dates found, symbol may be delisted
MANUGRAPH.NS: No earnings dates found, symbol may be delisted
MARATHON.NS: No earnings dates found, symbol may be delisted
MARINE.NS: No earnings dates found, symbol may be delisted
MARKOLINES.NS: No earnings dates found, symbol may be delisted
MARSHALL.NS: No earnings dates found, symbol may be delisted
MARSONS.NS: No earnings dates found, symbol may be delisted
MASKINVEST.NS: No earnings dates found, symbol may be delisted
MASPTOP50.NS: No earnings dates found, symbol may be delisted
MASTERTR.NS: No earnings dates found, symbol may be delisted
  [1325/2547] ok=341 miss=984 elapsed=33454s
MAWANASUG.NS: No earnings dates found, symbol may be delisted
MAXIND.NS: No earnings dates found, symbol may be delisted
MBAPL.NS: No earnings dates found, symbol may be delisted
MCCHRLS-B.NS: No earnings dates found, symbol may be delisted
MCL.NS: No earnings dates found, symbol may be delisted
MCLOUD.NS: No earnings dates found, symbol may be delisted
MEDIASSIST.NS: No earnings dates found, symbol may be delisted
MEDICAMEQ.NS: No earnings dates found, symbol may be delisted
MEDICO.NS: No earnings dates found, symbol may be delisted
MEGASTAR.NS: No earnings dates found, symbol may be delisted
MEIL.NS: No earnings dates found, symbol may be delisted
MENNPIS.NS: No earnings dates found, symbol may be delisted
  [1350/2547] ok=354 miss=996 elapsed=33521s
MERCANTILE.NS: No earnings dates found, symbol may be delisted
MERCURYEV.NS: No earnings dates found, symbol may be delisted
METAL.NS: No earnings dates found, symbol may be delisted
METALIETF.NS: No earnings dates found, symbol may be delisted
METROGLOBL.NS: No earnings dates found, symbol may be delisted
MFML.NS: No earnings dates found, symbol may be delisted
MGEL.NS: No earnings dates found, symbol may be delisted
MHLXMIRU.NS: No earnings dates found, symbol may be delisted
MICEL.NS: No earnings dates found, symbol may be delisted
MID150.NS: No earnings dates found, symbol may be delisted
MID150CASE.NS: No earnings dates found, symbol may be delisted
MIDCAP.NS: No earnings dates found, symbol may be delisted
MIDCAPADD.NS: No earnings dates found, symbol may be delisted
MIDCAPBETA.NS: No earnings dates found, symbol may be delisted
MIDCAPETF.NS: No earnings dates found, symbol may be delisted
MIDCAPIETF.NS: No earnings dates found, symbol may be delisted
  [1375/2547] ok=361 miss=1014 elapsed=33590s
MIDQ50ADD.NS: No earnings dates found, symbol may be delisted
MIDSELIETF.NS: No earnings dates found, symbol may be delisted
MIDSMALL.NS: No earnings dates found, symbol may be delisted
MIDWESTLTD.NS: No earnings dates found, symbol may be delisted
HTTP Error 404: {"quoteSummary":{"result":null,"error":{"code":"Not Found","description":"No fundamentals data found for symbol: MINDSPACE.NS"}}}
MINDSPACE.NS: No earnings dates found, symbol may be delisted
MINDTECK.NS: No earnings dates found, symbol may be delisted
MIRCELECTR.NS: No earnings dates found, symbol may be delisted
MITCON.NS: No earnings dates found, symbol may be delisted
MITTAL.NS: No earnings dates found, symbol may be delisted
MKPL.NS: No earnings dates found, symbol may be delisted
MMP.NS: No earnings dates found, symbol may be delisted
MMTC.NS: No earnings dates found, symbol may be delisted
MMWL.NS: No earnings dates found, symbol may be delisted
MNC.NS: No earnings dates found, symbol may be delisted
MOALPHA50.NS: No earnings dates found, symbol may be delisted
MOBANK10.NS: No earnings dates found, symbol may be delisted
MOCAPITAL.NS: No earnings dates found, symbol may be delisted
MODEFENCE.NS: No earnings dates found, symbol may be delisted
MODINATUR.NS: No earnings dates found, symbol may be delisted
MODIRUBBER.NS: No earnings dates found, symbol may be delisted
MODIS.NS: No earnings dates found, symbol may be delisted
  [1400/2547] ok=365 miss=1035 elapsed=33666s
MODISONLTD.NS: No earnings dates found, symbol may be delisted
MODTHREAD.NS: No earnings dates found, symbol may be delisted
MOENERGY.NS: No earnings dates found, symbol may be delisted
MOGOLD.NS: No earnings dates found, symbol may be delisted
MOGSEC.NS: No earnings dates found, symbol may be delisted
MOHEALTH.NS: No earnings dates found, symbol may be delisted
MOHITIND.NS: No earnings dates found, symbol may be delisted
MOINFRA.NS: No earnings dates found, symbol may be delisted
MOIPO.NS: No earnings dates found, symbol may be delisted
MOKSH.NS: No earnings dates found, symbol may be delisted
MOL.NS: No earnings dates found, symbol may be delisted
MOLOWVOL.NS: No earnings dates found, symbol may be delisted
MOM100.NS: No earnings dates found, symbol may be delisted
MOM30IETF.NS: No earnings dates found, symbol may be delisted
MOM50.NS: No earnings dates found, symbol may be delisted
MOMENTUM.NS: No earnings dates found, symbol may be delisted
MOMENTUM30.NS: No earnings dates found, symbol may be delisted
MOMENTUM50.NS: No earnings dates found, symbol may be delisted
MOMGF.NS: No earnings dates found, symbol may be delisted
MOMIDMTM.NS: No earnings dates found, symbol may be delisted
MOMNC.NS: No earnings dates found, symbol may be delisted
MOMOMENTUM.NS: No earnings dates found, symbol may be delisted
  [1425/2547] ok=367 miss=1058 elapsed=33735s
MON100.NS: No earnings dates found, symbol may be delisted
MON50EQUAL.NS: No earnings dates found, symbol may be delisted
MONARCH.NS: No earnings dates found, symbol may be delisted
MONEXT50.NS: No earnings dates found, symbol may be delisted
MONEYBOXX.NS: No earnings dates found, symbol may be delisted
MONIFTY100.NS: No earnings dates found, symbol may be delisted
MONIFTY500.NS: No earnings dates found, symbol may be delisted
MONQ50.NS: No earnings dates found, symbol may be delisted
MOPSE.NS: No earnings dates found, symbol may be delisted
MOQUALITY.NS: No earnings dates found, symbol may be delisted
MOREALTY.NS: No earnings dates found, symbol may be delisted
MOSCHIP.NS: No earnings dates found, symbol may be delisted
MOSERVICE.NS: No earnings dates found, symbol may be delisted
MOSILVER.NS: No earnings dates found, symbol may be delisted
MOSMALL250.NS: No earnings dates found, symbol may be delisted
MOTISONS.NS: No earnings dates found, symbol may be delisted
MOTOGENFIN.NS: No earnings dates found, symbol may be delisted
MOTOUR.NS: No earnings dates found, symbol may be delisted
MOVALUE.NS: No earnings dates found, symbol may be delisted
  [1450/2547] ok=373 miss=1077 elapsed=33803s
MSCI360.NS: No earnings dates found, symbol may be delisted
MSCIADD.NS: No earnings dates found, symbol may be delisted
MSCIINDIA.NS: No earnings dates found, symbol may be delisted
MSPL.NS: No earnings dates found, symbol may be delisted
MSTCLTD.NS: No earnings dates found, symbol may be delisted
MTEDUCARE.NS: No earnings dates found, symbol may be delisted
MTNL.NS: No earnings dates found, symbol may be delisted
MUFIN.NS: No earnings dates found, symbol may be delisted
MUFTI.NS: No earnings dates found, symbol may be delisted
MUKTAARTS.NS: No earnings dates found, symbol may be delisted
MULTICAP.NS: No earnings dates found, symbol may be delisted
MURUDCERA.NS: No earnings dates found, symbol may be delisted
MUTHOOTMF.NS: No earnings dates found, symbol may be delisted
MVGJL.NS: No earnings dates found, symbol may be delisted
  [1475/2547] ok=383 miss=1092 elapsed=33869s
MWL.NS: No earnings dates found, symbol may be delisted
NAGAFERT.NS: No earnings dates found, symbol may be delisted
NAGREEKCAP.NS: No earnings dates found, symbol may be delisted
NAGREEKEXP.NS: No earnings dates found, symbol may be delisted
NAHARCAP.NS: No earnings dates found, symbol may be delisted
NAHARINDUS.NS: No earnings dates found, symbol may be delisted
NAHARPOLY.NS: No earnings dates found, symbol may be delisted
NARMADA.NS: No earnings dates found, symbol may be delisted
NATCAPSUQ.NS: No earnings dates found, symbol may be delisted
NATIONSTD.NS: No earnings dates found, symbol may be delisted
NAVKARURB.NS: No earnings dates found, symbol may be delisted
NBIFIN.NS: No earnings dates found, symbol may be delisted
  [1500/2547] ok=395 miss=1105 elapsed=33934s
NDGL.NS: No earnings dates found, symbol may be delisted
NDRAUTO.NS: No earnings dates found, symbol may be delisted
NEAGI.NS: No earnings dates found, symbol may be delisted
NECCLTD.NS: No earnings dates found, symbol may be delisted
NEPHROPLUS.NS: No earnings dates found, symbol may be delisted
NETF.NS: No earnings dates found, symbol may be delisted
NETWORK18.NS: No earnings dates found, symbol may be delisted
NEUEON.NS: No earnings dates found, symbol may be delisted
NEXT30ADD.NS: No earnings dates found, symbol may be delisted
NEXT50.NS: No earnings dates found, symbol may be delisted
NEXT50ADD.NS: No earnings dates found, symbol may be delisted
  [1525/2547] ok=409 miss=1116 elapsed=34000s
NEXT50BETA.NS: No earnings dates found, symbol may be delisted
NEXT50ETF.NS: No earnings dates found, symbol may be delisted
NEXT50IETF.NS: No earnings dates found, symbol may be delisted
NEXTMEDIA.NS: No earnings dates found, symbol may be delisted
NGIL.NS: No earnings dates found, symbol may be delisted
NGLFINE.NS: No earnings dates found, symbol may be delisted
NIBE.NS: No earnings dates found, symbol may be delisted
NIBL.NS: No earnings dates found, symbol may be delisted
NIF100BEES.NS: No earnings dates found, symbol may be delisted
NIF100IETF.NS: No earnings dates found, symbol may be delisted
NIFTY1.NS: No earnings dates found, symbol may be delisted
NIFTY100EW.NS: No earnings dates found, symbol may be delisted
NIFTYADD.NS: No earnings dates found, symbol may be delisted
NIFTYAXIS.NS: No earnings dates found, symbol may be delisted
NIFTYBEES.NS: No earnings dates found, symbol may be delisted
NIFTYBETA.NS: No earnings dates found, symbol may be delisted
NIFTYBETF.NS: No earnings dates found, symbol may be delisted
NIFTYCASE.NS: No earnings dates found, symbol may be delisted
NIFTYETF.NS: No earnings dates found, symbol may be delisted
NIFTYIETF.NS: No earnings dates found, symbol may be delisted
NIFTYQLITY.NS: No earnings dates found, symbol may be delisted
  [1550/2547] ok=413 miss=1137 elapsed=34067s
NILASPACES.NS: No earnings dates found, symbol may be delisted
NILE.NS: No earnings dates found, symbol may be delisted
NIMBSPROJ.NS: No earnings dates found, symbol may be delisted
NIRAJ.NS: No earnings dates found, symbol may be delisted
NIRAJISPAT.NS: No earnings dates found, symbol may be delisted
NIRLON.NS: No earnings dates found, symbol may be delisted
NITCO.NS: No earnings dates found, symbol may be delisted
NITIRAJ.NS: No earnings dates found, symbol may be delisted
NITTAGELA.NS: No earnings dates found, symbol may be delisted
NKIND.NS: No earnings dates found, symbol may be delisted
NORBTEAEXP.NS: No earnings dates found, symbol may be delisted
NOVAAGRI.NS: No earnings dates found, symbol may be delisted
  [1575/2547] ok=424 miss=1151 elapsed=34136s
NOVARTIND.NS: No earnings dates found, symbol may be delisted
NPBET.NS: No earnings dates found, symbol may be delisted
NPST.NS: No earnings dates found, symbol may be delisted
NRL.NS: No earnings dates found, symbol may be delisted
NSIL.NS: No earnings dates found, symbol may be delisted
NSLNISP.NS: No earnings dates found, symbol may be delisted
NTPCGREEN.NS: No earnings dates found, symbol may be delisted
NURECA.NS: No earnings dates found, symbol may be delisted
HTTP Error 404: {"quoteSummary":{"result":null,"error":{"code":"Not Found","description":"No fundamentals data found for symbol: NV20.NS"}}}
NV20.NS: No earnings dates found, symbol may be delisted
NV20BEES.NS: No earnings dates found, symbol may be delisted
NV20IETF.NS: No earnings dates found, symbol may be delisted
HTTP Error 404: {"quoteSummary":{"result":null,"error":{"code":"Not Found","description":"No fundamentals data found for symbol: NXST.NS"}}}
NXST.NS: No earnings dates found, symbol may be delisted
OBCL.NS: No earnings dates found, symbol may be delisted
OCCLLTD.NS: No earnings dates found, symbol may be delisted
ODIGMA.NS: No earnings dates found, symbol may be delisted
  [1600/2547] ok=434 miss=1166 elapsed=34206s
OILIETF.NS: No earnings dates found, symbol may be delisted
OMAXAUTO.NS: No earnings dates found, symbol may be delisted
OMAXE.NS: No earnings dates found, symbol may be delisted
OMFREIGHT.NS: No earnings dates found, symbol may be delisted
OMNI.NS: No earnings dates found, symbol may be delisted
OMPOWER.NS: No earnings dates found, symbol may be delisted
ONELIFECAP.NS: No earnings dates found, symbol may be delisted
ONEPOINT.NS: No earnings dates found, symbol may be delisted
ONIDA.NS: No earnings dates found, symbol may be delisted
ORCHASP.NS: No earnings dates found, symbol may be delisted
ORICONENT.NS: No earnings dates found, symbol may be delisted
ORIENTALTL.NS: No earnings dates found, symbol may be delisted
  [1625/2547] ok=446 miss=1179 elapsed=34274s
ORIENTHOT.NS: No earnings dates found, symbol may be delisted
ORIENTTECH.NS: No earnings dates found, symbol may be delisted
ORISSAMINE.NS: No earnings dates found, symbol may be delisted
ORKLAINDIA.NS: No earnings dates found, symbol may be delisted
ORTINGLOBE.NS: No earnings dates found, symbol may be delisted
OSWALAGRO.NS: No earnings dates found, symbol may be delisted
OSWALGREEN.NS: No earnings dates found, symbol may be delisted
OSWALPUMPS.NS: No earnings dates found, symbol may be delisted
OSWALSEEDS.NS: No earnings dates found, symbol may be delisted
PACEDIGITK.NS: No earnings dates found, symbol may be delisted
PAKKA.NS: No earnings dates found, symbol may be delisted
PALASHSECU.NS: No earnings dates found, symbol may be delisted
PALREDTEC.NS: No earnings dates found, symbol may be delisted
PANACHE.NS: No earnings dates found, symbol may be delisted
PANSARI.NS: No earnings dates found, symbol may be delisted
  [1650/2547] ok=455 miss=1195 elapsed=34343s
PAR.NS: No earnings dates found, symbol may be delisted
PARACABLES.NS: No earnings dates found, symbol may be delisted
PARAS.NS: No earnings dates found, symbol may be delisted
PARASPETRO.NS: No earnings dates found, symbol may be delisted
PARKHOSPS.NS: No earnings dates found, symbol may be delisted
PASHUPATI.NS: No earnings dates found, symbol may be delisted
PASUPTAC.NS: No earnings dates found, symbol may be delisted
PATELRMART.NS: No earnings dates found, symbol may be delisted
PAUSHAKLTD.NS: No earnings dates found, symbol may be delisted
PAVNAIND.NS: No earnings dates found, symbol may be delisted
PEARLPOLY.NS: No earnings dates found, symbol may be delisted
  [1675/2547] ok=469 miss=1206 elapsed=34412s
PFOCUS.NS: No earnings dates found, symbol may be delisted
PHARMABEES.NS: No earnings dates found, symbol may be delisted
PICCADIL.NS: No earnings dates found, symbol may be delisted
PIGL.NS: No earnings dates found, symbol may be delisted
PILANIINVS.NS: No earnings dates found, symbol may be delisted
PILITA.NS: No earnings dates found, symbol may be delisted
PIONEEREMB.NS: No earnings dates found, symbol may be delisted
PIXTRANS.NS: No earnings dates found, symbol may be delisted
PKTEA.NS: No earnings dates found, symbol may be delisted
PLATIND.NS: No earnings dates found, symbol may be delisted
PLAZACABLE.NS: No earnings dates found, symbol may be delisted
  [1700/2547] ok=481 miss=1219 elapsed=34476s
PML.NS: No earnings dates found, symbol may be delisted
PNC.NS: No earnings dates found, symbol may be delisted
PNGJL.NS: No earnings dates found, symbol may be delisted
PNGSREVA.NS: No earnings dates found, symbol may be delisted
POCL.NS: No earnings dates found, symbol may be delisted
POWERICA.NS: No earnings dates found, symbol may be delisted
PPL.NS: No earnings dates found, symbol may be delisted
PRABHA.NS: No earnings dates found, symbol may be delisted
  [1725/2547] ok=498 miss=1227 elapsed=34540s
PRADPME.NS: No earnings dates found, symbol may be delisted
  [1750/2547] ok=498 miss=1252 elapsed=34631s
PSUBANK.NS: No earnings dates found, symbol may be delisted
PSUBANKADD.NS: No earnings dates found, symbol may be delisted
PSUBNKBEES.NS: No earnings dates found, symbol may be delisted
PSUBNKIETF.NS: No earnings dates found, symbol may be delisted
PVP.NS: No earnings dates found, symbol may be delisted
PVSL.NS: No earnings dates found, symbol may be delisted
PVTBANIETF.NS: No earnings dates found, symbol may be delisted
PVTBANKADD.NS: No earnings dates found, symbol may be delisted
PVTBKGROWW.NS: No earnings dates found, symbol may be delisted
PYRAMID.NS: No earnings dates found, symbol may be delisted
QGOLDHALF.NS: No earnings dates found, symbol may be delisted
QMSMEDI.NS: No earnings dates found, symbol may be delisted
  [1775/2547] ok=505 miss=1270 elapsed=34696s
QNIFTY.NS: No earnings dates found, symbol may be delisted
QPOWER.NS: No earnings dates found, symbol may be delisted
QUADFUTURE.NS: No earnings dates found, symbol may be delisted
QUAL30IETF.NS: No earnings dates found, symbol may be delisted
QUALITY30.NS: No earnings dates found, symbol may be delisted
QUINT.NS: No earnings dates found, symbol may be delisted
QUINTEGRA.NS: No earnings dates found, symbol may be delisted
RACE.NS: No earnings dates found, symbol may be delisted
RADAAN.NS: No earnings dates found, symbol may be delisted
RADHIKAJWE.NS: No earnings dates found, symbol may be delisted
RADIANTCMS.NS: No earnings dates found, symbol may be delisted
RAJMET.NS: No earnings dates found, symbol may be delisted
RAJOOENG.NS: No earnings dates found, symbol may be delisted
RAJPALAYAM.NS: No earnings dates found, symbol may be delisted
RAJRILTD.NS: No earnings dates found, symbol may be delisted
  [1800/2547] ok=512 miss=1288 elapsed=34765s
RAJTV.NS: No earnings dates found, symbol may be delisted
RAMANEWS.NS: No earnings dates found, symbol may be delisted
RAMAPHO.NS: No earnings dates found, symbol may be delisted
RAMBHAJO.NS: No earnings dates found, symbol may be delisted
RAMRAT.NS: No earnings dates found, symbol may be delisted
RATNAVEER.NS: No earnings dates found, symbol may be delisted
RAYMONDREL.NS: No earnings dates found, symbol may be delisted
RBZJEWEL.NS: No earnings dates found, symbol may be delisted
  [1825/2547] ok=527 miss=1298 elapsed=34830s
REDTAPE.NS: No earnings dates found, symbol may be delisted
REFEX.NS: No earnings dates found, symbol may be delisted
REGAAL.NS: No earnings dates found, symbol may be delisted
REGENCERAM.NS: No earnings dates found, symbol may be delisted
RELCHEMQ.NS: No earnings dates found, symbol may be delisted
RELIABLE.NS: No earnings dates found, symbol may be delisted
RELTD.NS: No earnings dates found, symbol may be delisted
REPL.NS: No earnings dates found, symbol may be delisted
RETAIL.NS: No earnings dates found, symbol may be delisted
RHETAN.NS: No earnings dates found, symbol may be delisted
RHFL.NS: No earnings dates found, symbol may be delisted
RHL.NS: No earnings dates found, symbol may be delisted
RISHABH.NS: No earnings dates found, symbol may be delisted
  [1850/2547] ok=539 miss=1311 elapsed=34901s
RITCO.NS: No earnings dates found, symbol may be delisted
RKDL.NS: No earnings dates found, symbol may be delisted
RKEC.NS: No earnings dates found, symbol may be delisted
RKSWAMY.NS: No earnings dates found, symbol may be delisted
RMDRIP.NS: No earnings dates found, symbol may be delisted
RNBDENIMS.NS: No earnings dates found, symbol may be delisted
ROLLT.NS: No earnings dates found, symbol may be delisted
ROML.NS: No earnings dates found, symbol may be delisted
ROSSELLIND.NS: No earnings dates found, symbol may be delisted
ROSSTECH.NS: No earnings dates found, symbol may be delisted
ROTO.NS: No earnings dates found, symbol may be delisted
RPEL.NS: No earnings dates found, symbol may be delisted
RPPL.NS: No earnings dates found, symbol may be delisted
RPSGVENT.NS: No earnings dates found, symbol may be delisted
RPTECH.NS: No earnings dates found, symbol may be delisted
  [1875/2547] ok=548 miss=1327 elapsed=34972s
RRIL.NS: No earnings dates found, symbol may be delisted
RSDFIN.NS: No earnings dates found, symbol may be delisted
RSL.NS: No earnings dates found, symbol may be delisted
RTNINDIA.NS: No earnings dates found, symbol may be delisted
RUBFILA.NS: No earnings dates found, symbol may be delisted
RUCHINFRA.NS: No earnings dates found, symbol may be delisted
RUDRA.NS: No earnings dates found, symbol may be delisted
RUSTOMJEE.NS: No earnings dates found, symbol may be delisted
RVHL.NS: No earnings dates found, symbol may be delisted
RVTH.NS: No earnings dates found, symbol may be delisted
SAATVIKGL.NS: No earnings dates found, symbol may be delisted
SABEVENTS.NS: No earnings dates found, symbol may be delisted
  [1900/2547] ok=560 miss=1340 elapsed=35043s
SADBHIN.NS: No earnings dates found, symbol may be delisted
SADHNANIQ.NS: No earnings dates found, symbol may be delisted
SAGARDEEP.NS: No earnings dates found, symbol may be delisted
SAHLIBHFI.NS: No earnings dates found, symbol may be delisted
SAHYADRI.NS: No earnings dates found, symbol may be delisted
SAKAR.NS: No earnings dates found, symbol may be delisted
SAKHTISUG.NS: No earnings dates found, symbol may be delisted
SALSTEEL.NS: No earnings dates found, symbol may be delisted
SAMBHAAV.NS: No earnings dates found, symbol may be delisted
SAMBHV.NS: No earnings dates found, symbol may be delisted
SAMPANN.NS: No earnings dates found, symbol may be delisted
SANATHAN.NS: No earnings dates found, symbol may be delisted
  [1925/2547] ok=572 miss=1353 elapsed=35115s
SANDUMA.NS: No earnings dates found, symbol may be delisted
SANGINITA.NS: No earnings dates found, symbol may be delisted
SANOFICONR.NS: No earnings dates found, symbol may be delisted
SANSTAR.NS: No earnings dates found, symbol may be delisted
SAPPL.NS: No earnings dates found, symbol may be delisted
SARVESHWAR.NS: No earnings dates found, symbol may be delisted
HTTP Error 404: {"quoteSummary":{"result":null,"error":{"code":"Not Found","description":"Quote not found for symbol: SASTASUNDR.NS"}}}
SASTASUNDR.NS: No earnings dates found, symbol may be delisted
SAURASHCEM.NS: No earnings dates found, symbol may be delisted
SAYAJIHOTL.NS: No earnings dates found, symbol may be delisted
SBC.NS: No earnings dates found, symbol may be delisted
  [1950/2547] ok=586 miss=1364 elapsed=35190s
SBGLP.NS: No earnings dates found, symbol may be delisted
SBIBPB.NS: No earnings dates found, symbol may be delisted
SBIETFCON.NS: No earnings dates found, symbol may be delisted
SBIETFIT.NS: No earnings dates found, symbol may be delisted
SBIETFPB.NS: No earnings dates found, symbol may be delisted
SBIETFQLTY.NS: No earnings dates found, symbol may be delisted
SBILIQETF.NS: No earnings dates found, symbol may be delisted
SBIMIDMOM.NS: No earnings dates found, symbol may be delisted
SBINEQWETF.NS: No earnings dates found, symbol may be delisted
SBINMID150.NS: No earnings dates found, symbol may be delisted
SBISMLETF.NS: No earnings dates found, symbol may be delisted
SBIVALETF.NS: No earnings dates found, symbol may be delisted
SCHAND.NS: No earnings dates found, symbol may be delisted
SCILAL.NS: No earnings dates found, symbol may be delisted
SCODATUBES.NS: No earnings dates found, symbol may be delisted
SCPL.NS: No earnings dates found, symbol may be delisted
  [1975/2547] ok=593 miss=1382 elapsed=35255s
SECMARK.NS: No earnings dates found, symbol may be delisted
SECURCRED.NS: No earnings dates found, symbol may be delisted
SEIL.NS: No earnings dates found, symbol may be delisted
SEJALLTD.NS: No earnings dates found, symbol may be delisted
SELECTIPO.NS: No earnings dates found, symbol may be delisted
SELMC.NS: No earnings dates found, symbol may be delisted
SEMAC.NS: No earnings dates found, symbol may be delisted
SENSEXADD.NS: No earnings dates found, symbol may be delisted
SENSEXAXIS.NS: No earnings dates found, symbol may be delisted
SENSEXBETA.NS: No earnings dates found, symbol may be delisted
SENSEXETF.NS: No earnings dates found, symbol may be delisted
SENSEXIETF.NS: No earnings dates found, symbol may be delisted
SEPC.NS: No earnings dates found, symbol may be delisted
SERVOTECH.NS: No earnings dates found, symbol may be delisted
SETF10GILT.NS: No earnings dates found, symbol may be delisted
SETFGOLD.NS: No earnings dates found, symbol may be delisted
SETFNIF50.NS: No earnings dates found, symbol may be delisted
SETFNIFBK.NS: No earnings dates found, symbol may be delisted
  [2000/2547] ok=599 miss=1401 elapsed=35325s
SETL.NS: No earnings dates found, symbol may be delisted
SGFIN.NS: No earnings dates found, symbol may be delisted
SGL.NS: No earnings dates found, symbol may be delisted
SGMART.NS: No earnings dates found, symbol may be delisted
SHAHALLOYS.NS: No earnings dates found, symbol may be delisted
SHALPAINTS.NS: No earnings dates found, symbol may be delisted
SHANTI.NS: No earnings dates found, symbol may be delisted
SHARDUL.NS: No earnings dates found, symbol may be delisted
SHAREINDIA.NS: No earnings dates found, symbol may be delisted
SHARIABEES.NS: No earnings dates found, symbol may be delisted
SHBAJRG.NS: No earnings dates found, symbol may be delisted
  [2025/2547] ok=609 miss=1416 elapsed=35396s
SHEKHAWATI.NS: No earnings dates found, symbol may be delisted
SHILCTECH.NS: No earnings dates found, symbol may be delisted
SHIVALIK.NS: No earnings dates found, symbol may be delisted
SHIVAMILLS.NS: No earnings dates found, symbol may be delisted
SHIVAUM.NS: No earnings dates found, symbol may be delisted
SHREDIGCEM.NS: No earnings dates found, symbol may be delisted
SHREEJISPG.NS: No earnings dates found, symbol may be delisted
SHREERAMA.NS: No earnings dates found, symbol may be delisted
SHRENIK.NS: No earnings dates found, symbol may be delisted
SHRIKRISH.NS: No earnings dates found, symbol may be delisted
SHRINGARMS.NS: No earnings dates found, symbol may be delisted
SHRIRAMPPS.NS: No earnings dates found, symbol may be delisted
  [2050/2547] ok=620 miss=1430 elapsed=35465s
SHYAMCENT.NS: No earnings dates found, symbol may be delisted
SHYAMTEL.NS: No earnings dates found, symbol may be delisted
SIGACHI.NS: No earnings dates found, symbol may be delisted
SIGMA.NS: No earnings dates found, symbol may be delisted
SIGNPOST.NS: No earnings dates found, symbol may be delisted
SIKA.NS: No earnings dates found, symbol may be delisted
SIL.NS: No earnings dates found, symbol may be delisted
SILGO.NS: No earnings dates found, symbol may be delisted
SILLYMONKS.NS: No earnings dates found, symbol may be delisted
SILVER.NS: No earnings dates found, symbol may be delisted
SILVER1.NS: No earnings dates found, symbol may be delisted
SILVER360.NS: No earnings dates found, symbol may be delisted
SILVERADD.NS: No earnings dates found, symbol may be delisted
SILVERAG.NS: No earnings dates found, symbol may be delisted
SILVERBEES.NS: No earnings dates found, symbol may be delisted
  [2075/2547] ok=627 miss=1448 elapsed=35535s
SILVERBETA.NS: No earnings dates found, symbol may be delisted
SILVERBND.NS: No earnings dates found, symbol may be delisted
SILVERCASE.NS: No earnings dates found, symbol may be delisted
SILVERIETF.NS: No earnings dates found, symbol may be delisted
SILVERTUC.NS: No earnings dates found, symbol may be delisted
SIMBHALS.NS: No earnings dates found, symbol may be delisted
SINCLAIR.NS: No earnings dates found, symbol may be delisted
SINDHUTRAD.NS: No earnings dates found, symbol may be delisted
SINTERCOM.NS: No earnings dates found, symbol may be delisted
SIRCA.NS: No earnings dates found, symbol may be delisted
SITINET.NS: No earnings dates found, symbol may be delisted
SKIL.NS: No earnings dates found, symbol may be delisted
SKMEGGPROD.NS: No earnings dates found, symbol may be delisted
SMALL250.NS: No earnings dates found, symbol may be delisted
SMALLADD.NS: No earnings dates found, symbol may be delisted
  [2100/2547] ok=636 miss=1464 elapsed=35606s
SMALLCAP.NS: No earnings dates found, symbol may be delisted
SMALLIETF.NS: No earnings dates found, symbol may be delisted
SMARTLINK.NS: No earnings dates found, symbol may be delisted
SMCGLOBAL.NS: No earnings dates found, symbol may be delisted
SML100CASE.NS: No earnings dates found, symbol may be delisted
SMLT.NS: No earnings dates found, symbol may be delisted
SNXT30BEES.NS: No earnings dates found, symbol may be delisted
SNXT50BETA.NS: No earnings dates found, symbol may be delisted
SOFTTECH.NS: No earnings dates found, symbol may be delisted
SOLARWORLD.NS: No earnings dates found, symbol may be delisted
SOLEX.NS: No earnings dates found, symbol may be delisted
SOMATEX.NS: No earnings dates found, symbol may be delisted
SOMICONVEY.NS: No earnings dates found, symbol may be delisted
SONAL.NS: No earnings dates found, symbol may be delisted
SONAMLTD.NS: No earnings dates found, symbol may be delisted
  [2125/2547] ok=645 miss=1480 elapsed=35677s
SOUTHWEST.NS: No earnings dates found, symbol may be delisted
SPARC.NS: No earnings dates found, symbol may be delisted
SPENCERS.NS: No earnings dates found, symbol may be delisted
SPIC.NS: No earnings dates found, symbol may be delisted
SPLIL.NS: No earnings dates found, symbol may be delisted
SPORTKING.NS: No earnings dates found, symbol may be delisted
SRD.NS: No earnings dates found, symbol may be delisted
SRGHFL.NS: No earnings dates found, symbol may be delisted
SRM.NS: No earnings dates found, symbol may be delisted
SRPL.NS: No earnings dates found, symbol may be delisted
SRTL.NS: No earnings dates found, symbol may be delisted
SSDL.NS: No earnings dates found, symbol may be delisted
  [2150/2547] ok=656 miss=1494 elapsed=35746s
STALLION.NS: No earnings dates found, symbol may be delisted
STANLEY.NS: No earnings dates found, symbol may be delisted
STARTECK.NS: No earnings dates found, symbol may be delisted
STCINDIA.NS: No earnings dates found, symbol may be delisted
STEELCAS.NS: No earnings dates found, symbol may be delisted
STEELCITY.NS: No earnings dates found, symbol may be delisted
STEELXIND.NS: No earnings dates found, symbol may be delisted
STLNETWORK.NS: No earnings dates found, symbol may be delisted
STUDDS.NS: No earnings dates found, symbol may be delisted
STYL.NS: No earnings dates found, symbol may be delisted
SUBEXLTD.NS: No earnings dates found, symbol may be delisted
  [2175/2547] ok=669 miss=1506 elapsed=35819s
SUKHJITS.NS: No earnings dates found, symbol may be delisted
SUMEET-RE.NS: No earnings dates found, symbol may be delisted
SUMIT.NS: No earnings dates found, symbol may be delisted
SUMMITSEC.NS: No earnings dates found, symbol may be delisted
SUNCLAY.NS: No earnings dates found, symbol may be delisted
SUNDARAM.NS: No earnings dates found, symbol may be delisted
SUPERSPIN.NS: No earnings dates found, symbol may be delisted
SUPREME.NS: No earnings dates found, symbol may be delisted
SUPREMEENG.NS: No earnings dates found, symbol may be delisted
  [2200/2547] ok=685 miss=1515 elapsed=35884s
SURAJEST.NS: No earnings dates found, symbol may be delisted
SURAJLTD.NS: No earnings dates found, symbol may be delisted
SURANAT&P.NS: No earnings dates found, symbol may be delisted
SURYALA.NS: No earnings dates found, symbol may be delisted
SURYODAY.NS: No earnings dates found, symbol may be delisted
SUULD.NS: No earnings dates found, symbol may be delisted
SUVIDHAA.NS: No earnings dates found, symbol may be delisted
SUYOG.NS: No earnings dates found, symbol may be delisted
SVLL.NS: No earnings dates found, symbol may be delisted
SVPGLOB.NS: No earnings dates found, symbol may be delisted
SWSOLAR.NS: No earnings dates found, symbol may be delisted
  [2225/2547] ok=698 miss=1527 elapsed=35956s
SYNCOMF.NS: No earnings dates found, symbol may be delisted
SYSTMTXC.NS: No earnings dates found, symbol may be delisted
TAALTECH.NS: No earnings dates found, symbol may be delisted
TAINWALCHM.NS: No earnings dates found, symbol may be delisted
TAMBOLIIN.NS: No earnings dates found, symbol may be delisted
TARACHAND.NS: No earnings dates found, symbol may be delisted
TARAPUR.NS: No earnings dates found, symbol may be delisted
TARMAT.NS: No earnings dates found, symbol may be delisted
TATAGOLD.NS: No earnings dates found, symbol may be delisted
TATAINVEST.NS: No earnings dates found, symbol may be delisted
  [2250/2547] ok=712 miss=1538 elapsed=36023s
TATSILV.NS: No earnings dates found, symbol may be delisted
TCC.NS: No earnings dates found, symbol may be delisted
TCIFINANCE.NS: No earnings dates found, symbol may be delisted
TEAMGTY.NS: No earnings dates found, symbol may be delisted
TECH.NS: No earnings dates found, symbol may be delisted
TECHIN.NS: No earnings dates found, symbol may be delisted
TECHNVISN.NS: No earnings dates found, symbol may be delisted
TECILCHEM.NS: No earnings dates found, symbol may be delisted
TEMBO.NS: No earnings dates found, symbol may be delisted
  [2275/2547] ok=728 miss=1547 elapsed=36088s
TERASOFT.NS: No earnings dates found, symbol may be delisted
TEXINFRA.NS: No earnings dates found, symbol may be delisted
TEXMOPIPES.NS: No earnings dates found, symbol may be delisted
TFL.NS: No earnings dates found, symbol may be delisted
TGBHOTELS.NS: No earnings dates found, symbol may be delisted
THACKER.NS: No earnings dates found, symbol may be delisted
THAKDEV.NS: No earnings dates found, symbol may be delisted
THEINVEST.NS: No earnings dates found, symbol may be delisted
THEJO.NS: No earnings dates found, symbol may be delisted
THOMASCOTT.NS: No earnings dates found, symbol may be delisted
TICL.NS: No earnings dates found, symbol may be delisted
TIGERLOGS.NS: No earnings dates found, symbol may be delisted
TIJARIA.NS: No earnings dates found, symbol may be delisted
  [2300/2547] ok=740 miss=1560 elapsed=36155s
TIMEX.NS: No earnings dates found, symbol may be delisted
TINNARUBR.NS: No earnings dates found, symbol may be delisted
TIPSFILMS.NS: No earnings dates found, symbol may be delisted
TIRUPATIFL.NS: No earnings dates found, symbol may be delisted
TMB.NS: No earnings dates found, symbol may be delisted
TNIDETF.NS: No earnings dates found, symbol may be delisted
TNTELE.NS: No earnings dates found, symbol may be delisted
TOLINS.NS: No earnings dates found, symbol may be delisted
TOP100CASE.NS: No earnings dates found, symbol may be delisted
TOP10ADD.NS: No earnings dates found, symbol may be delisted
TOP15IETF.NS: No earnings dates found, symbol may be delisted
TOP20.NS: No earnings dates found, symbol may be delisted
  [2325/2547] ok=752 miss=1573 elapsed=36222s
TOTAL.NS: No earnings dates found, symbol may be delisted
TOUCHWOOD.NS: No earnings dates found, symbol may be delisted
TPHQ.NS: No earnings dates found, symbol may be delisted
TPLPLASTEH.NS: No earnings dates found, symbol may be delisted
TRACXN.NS: No earnings dates found, symbol may be delisted
TRANSPEK.NS: No earnings dates found, symbol may be delisted
TRANSRAILL.NS: No earnings dates found, symbol may be delisted
TRANSWORLD.NS: No earnings dates found, symbol may be delisted
TREJHARA.NS: No earnings dates found, symbol may be delisted
TREL.NS: No earnings dates found, symbol may be delisted
TRU.NS: No earnings dates found, symbol may be delisted
TRUALT.NS: No earnings dates found, symbol may be delisted
TSFINV.NS: No earnings dates found, symbol may be delisted
TTL.NS: No earnings dates found, symbol may be delisted
TTML.NS: No earnings dates found, symbol may be delisted
  [2350/2547] ok=762 miss=1588 elapsed=36291s
TURTLEMINT.NS: No earnings dates found, symbol may be delisted
TVSHLTD.NS: No earnings dates found, symbol may be delisted
TVVISION.NS: No earnings dates found, symbol may be delisted
TWCGOLDETF.NS: No earnings dates found, symbol may be delisted
UDS.NS: No earnings dates found, symbol may be delisted
UGARSUGAR.NS: No earnings dates found, symbol may be delisted
ULTRAMAR.NS: No earnings dates found, symbol may be delisted
UMAEXPORTS.NS: No earnings dates found, symbol may be delisted
UMESLTD.NS: No earnings dates found, symbol may be delisted
UMIYA-MRO.NS: No earnings dates found, symbol may be delisted
  [2375/2547] ok=776 miss=1599 elapsed=36359s
UNIDT.NS: No earnings dates found, symbol may be delisted
UNIENTER.NS: No earnings dates found, symbol may be delisted
UNIINFO.NS: No earnings dates found, symbol may be delisted
UNIMECH.NS: No earnings dates found, symbol may be delisted
UNIONGOLD.NS: No earnings dates found, symbol may be delisted
UNIPARTS.NS: No earnings dates found, symbol may be delisted
UNITEDPOLY.NS: No earnings dates found, symbol may be delisted
UNITEDTEA.NS: No earnings dates found, symbol may be delisted
UNIVAFOODS.NS: No earnings dates found, symbol may be delisted
UNIVASTU.NS: No earnings dates found, symbol may be delisted
UNIVPHOTO.NS: No earnings dates found, symbol may be delisted
URJA.NS: No earnings dates found, symbol may be delisted
USK.NS: No earnings dates found, symbol may be delisted
  [2400/2547] ok=786 miss=1614 elapsed=36425s
UTLSOLAR.NS: No earnings dates found, symbol may be delisted
UTTAMSUGAR.NS: No earnings dates found, symbol may be delisted
UYFINCORP.NS: No earnings dates found, symbol may be delisted
VADILALIND.NS: No earnings dates found, symbol may be delisted
VAISHALI.NS: No earnings dates found, symbol may be delisted
VAL30IETF.NS: No earnings dates found, symbol may be delisted
VALIANTLAB.NS: No earnings dates found, symbol may be delisted
VALIANTORG.NS: No earnings dates found, symbol may be delisted
VALUE.NS: No earnings dates found, symbol may be delisted
VALUEAXIS.NS: No earnings dates found, symbol may be delisted
VAML.NS: No earnings dates found, symbol may be delisted
VARDHACRLC.NS: No earnings dates found, symbol may be delisted
VARDMNPOLY.NS: No earnings dates found, symbol may be delisted
VASCONEQ.NS: No earnings dates found, symbol may be delisted
VASWANI.NS: No earnings dates found, symbol may be delisted
VCL.NS: No earnings dates found, symbol may be delisted
VEDPOWER.NS: No earnings dates found, symbol may be delisted
  [2425/2547] ok=794 miss=1631 elapsed=36494s
VELJAN.NS: No earnings dates found, symbol may be delisted
VERTOZ.NS: No earnings dates found, symbol may be delisted
VHL.NS: No earnings dates found, symbol may be delisted
VHLTD.NS: No earnings dates found, symbol may be delisted
VIDYAWIRES.NS: No earnings dates found, symbol may be delisted
VIJIFIN.NS: No earnings dates found, symbol may be delisted
VIKASLIFE.NS: No earnings dates found, symbol may be delisted
VIKRAN.NS: No earnings dates found, symbol may be delisted
VINCOFE.NS: No earnings dates found, symbol may be delisted
  [2450/2547] ok=809 miss=1641 elapsed=36566s
VINEETLAB.NS: No earnings dates found, symbol may be delisted
VINNY.NS: No earnings dates found, symbol may be delisted
VIRINCHI.NS: No earnings dates found, symbol may be delisted
VISACHROME.NS: No earnings dates found, symbol may be delisted
VISASTEEL.NS: No earnings dates found, symbol may be delisted
VISHWARAJ.NS: No earnings dates found, symbol may be delisted
VISL.NS: No earnings dates found, symbol may be delisted
VITAL.NS: No earnings dates found, symbol may be delisted
VIVIANA.NS: No earnings dates found, symbol may be delisted
VIYASH.NS: No earnings dates found, symbol may be delisted
VLEGOV.NS: No earnings dates found, symbol may be delisted
VLSFINANCE.NS: No earnings dates found, symbol may be delisted
VMSTMT.NS: No earnings dates found, symbol may be delisted
VOEPL.NS: No earnings dates found, symbol may be delisted
VOGL.NS: No earnings dates found, symbol may be delisted
  [2475/2547] ok=818 miss=1657 elapsed=36699s
VPRPL.NS: No earnings dates found, symbol may be delisted
VRAJ.NS: No earnings dates found, symbol may be delisted
VSTL.NS: No earnings dates found, symbol may be delisted
WAAREEINDO.NS: No earnings dates found, symbol may be delisted
WAAREERTL.NS: No earnings dates found, symbol may be delisted
WAKEFIT.NS: No earnings dates found, symbol may be delisted
WALCHANNAG.NS: No earnings dates found, symbol may be delisted
WANBURY.NS: No earnings dates found, symbol may be delisted
WCIL.NS: No earnings dates found, symbol may be delisted
WEALTH.NS: No earnings dates found, symbol may be delisted
WEBELSOLAR.NS: No earnings dates found, symbol may be delisted
WEL.NS: No earnings dates found, symbol may be delisted
WELINV.NS: No earnings dates found, symbol may be delisted
WELSPLSOL.NS: No earnings dates found, symbol may be delisted
  [2500/2547] ok=828 miss=1672 elapsed=36768s
WEWIN.NS: No earnings dates found, symbol may be delisted
WILLAMAGOR.NS: No earnings dates found, symbol may be delisted
WINDLAS.NS: No earnings dates found, symbol may be delisted
WINSOME.NS: No earnings dates found, symbol may be delisted
WIPL.NS: No earnings dates found, symbol may be delisted
WORTHPERI.NS: No earnings dates found, symbol may be delisted
WPIL.NS: No earnings dates found, symbol may be delisted
WSI.NS: No earnings dates found, symbol may be delisted
XCHANGING.NS: No earnings dates found, symbol may be delisted
XELPMOC.NS: No earnings dates found, symbol may be delisted
XPROINDIA.NS: No earnings dates found, symbol may be delisted
XTGLOBAL.NS: No earnings dates found, symbol may be delisted
YASHO.NS: No earnings dates found, symbol may be delisted
  [2525/2547] ok=840 miss=1685 elapsed=36840s
ZEELEARN.NS: No earnings dates found, symbol may be delisted
ZENITHEXPO.NS: No earnings dates found, symbol may be delisted
ZENITHSTL.NS: No earnings dates found, symbol may be delisted
ZFSTEERING.NS: No earnings dates found, symbol may be delisted
ZIMLAB.NS: No earnings dates found, symbol may be delisted
ZODIACLOTH.NS: No earnings dates found, symbol may be delisted
ZOTA.NS: No earnings dates found, symbol may be delisted
ZSARACOM.NS: No earnings dates found, symbol may be delisted
ZUARIIND.NS: No earnings dates found, symbol may be delisted
2026-07-13 09:52:38 done: 847 dates stored, 1700 without data (36909s)
