2026-07-21T15:40:04Z INF Thank you for trying Cloudflare Tunnel. Doing so, without a Cloudflare account, is a quick way to experiment and try it out. However, be aware that these account-less Tunnels have no uptime guarantee, are subject to the Cloudflare Online Services Terms of Use (https://www.cloudflare.com/website-terms/), and Cloudflare reserves the right to investigate your use of Tunnels for violations of such terms. If you intend to use Tunnels in production you should use a pre-created named tunnel by following: https://developers.cloudflare.com/cloudflare-one/connections/connect-apps
2026-07-21T15:40:04Z INF Requesting new quick Tunnel on trycloudflare.com...
2026-07-21T15:40:10Z INF +--------------------------------------------------------------------------------------------+
2026-07-21T15:40:10Z INF |  Your quick Tunnel has been created! Visit it at (it may take some time to be reachable):  |
2026-07-21T15:40:10Z INF |  https://athens-allan-baghdad-strict.trycloudflare.com                                     |
2026-07-21T15:40:10Z INF +--------------------------------------------------------------------------------------------+
2026-07-21T15:40:10Z INF Cannot determine default configuration path. No file [config.yml config.yaml] in [~/.cloudflared ~/.cloudflare-warp ~/cloudflare-warp /etc/cloudflared /usr/local/etc/cloudflared]
2026-07-21T15:40:10Z INF Version 2026.6.1 (Checksum ae6ee90188ae5833c687ce937c3693e28403677607c06c65a2ff2b6a022f50e4)
2026-07-21T15:40:10Z INF GOOS: darwin, GOVersion: go1.26.2, GoArch: arm64
2026-07-21T15:40:10Z INF Settings: map[ha-connections:1 p:http2 protocol:http2 url:http://localhost:8010]
2026-07-21T15:40:10Z INF Autoupdate frequency is set autoupdateFreq=86400000
2026-07-21T15:40:10Z INF Generated Connector ID: f860c0a9-f847-4b3c-80a4-3443de3ab379
2026-07-21T15:40:10Z INF Initial protocol http2
2026-07-21T15:40:10Z INF ICMP proxy will use 192.168.0.111 as source for IPv4
2026-07-21T15:40:10Z INF ICMP proxy will use fe80::10ea:2ae:1b70:5efc in zone en0 as source for IPv6
2026-07-21T15:40:10Z INF Created ICMP proxy listening on 192.168.0.111:0
2026-07-21T15:40:10Z INF ICMP proxy will use 192.168.0.111 as source for IPv4
2026-07-21T15:40:10Z INF ICMP proxy will use fe80::10ea:2ae:1b70:5efc in zone en0 as source for IPv6
2026-07-21T15:40:10Z INF Starting metrics server on 127.0.0.1:20241/metrics
2026-07-21T15:40:10Z INF Tunnel connection curve preferences: [X25519MLKEM768 CurveID(65074) CurveP256] connIndex=0 event=0 ip=198.41.200.193
2026-07-21T15:40:11Z INF Registered tunnel connection connIndex=0 connection=ea81081d-0881-4a5a-9593-e8a8ba9b3514 event=0 ip=198.41.200.193 location=del06 protocol=http2
2026-07-21T15:40:16Z INF +--------------------------------------------------------------------------------------+
2026-07-21T15:40:16Z INF |                               CONNECTIVITY PRE-CHECKS                                |
2026-07-21T15:40:16Z INF +--------------------------------------------------------------------------------------+
2026-07-21T15:40:16Z INF |  COMPONENT         TARGET                     STATUS  DETAILS                        |
2026-07-21T15:40:16Z INF |  DNS Resolution    region1.v2.argotunnel.com  PASS    DNS Resolved successfully      |
2026-07-21T15:40:16Z INF |  DNS Resolution    region2.v2.argotunnel.com  PASS    DNS Resolved successfully      |
2026-07-21T15:40:16Z INF |  UDP Connectivity  region1.v2.argotunnel.com  PASS    QUIC connection successful     |
2026-07-21T15:40:16Z INF |  UDP Connectivity  region2.v2.argotunnel.com  PASS    QUIC connection successful     |
2026-07-21T15:40:16Z INF |  TCP Connectivity  region1.v2.argotunnel.com  PASS    HTTP/2 connection successful   |
2026-07-21T15:40:16Z INF |  TCP Connectivity  region2.v2.argotunnel.com  PASS    HTTP/2 connection successful   |
2026-07-21T15:40:16Z INF |  Cloudflare API    api.cloudflare.com:443     PASS    API is reachable               |
2026-07-21T15:40:16Z INF |                                                                                      |
2026-07-21T15:40:16Z INF |  SUMMARY: Environment is healthy. cloudflared will use 'http2' as primary protocol.  |
2026-07-21T15:40:16Z INF +--------------------------------------------------------------------------------------+
2026-07-21T15:40:16Z INF precheck component="DNS Resolution" details="DNS Resolved successfully" run_id=f11d4c9b-104a-4f11-ab1d-1d45850c3195 status=pass target=region1.v2.argotunnel.com
2026-07-21T15:40:16Z INF precheck component="DNS Resolution" details="DNS Resolved successfully" run_id=f11d4c9b-104a-4f11-ab1d-1d45850c3195 status=pass target=region2.v2.argotunnel.com
2026-07-21T15:40:16Z INF precheck component="UDP Connectivity" details="QUIC connection successful" run_id=f11d4c9b-104a-4f11-ab1d-1d45850c3195 status=pass target=region1.v2.argotunnel.com
2026-07-21T15:40:16Z INF precheck component="UDP Connectivity" details="QUIC connection successful" run_id=f11d4c9b-104a-4f11-ab1d-1d45850c3195 status=pass target=region2.v2.argotunnel.com
2026-07-21T15:40:16Z INF precheck component="TCP Connectivity" details="HTTP/2 connection successful" run_id=f11d4c9b-104a-4f11-ab1d-1d45850c3195 status=pass target=region1.v2.argotunnel.com
2026-07-21T15:40:16Z INF precheck component="TCP Connectivity" details="HTTP/2 connection successful" run_id=f11d4c9b-104a-4f11-ab1d-1d45850c3195 status=pass target=region2.v2.argotunnel.com
2026-07-21T15:40:16Z INF precheck component="Cloudflare API" details="API is reachable" run_id=f11d4c9b-104a-4f11-ab1d-1d45850c3195 status=pass target=api.cloudflare.com:443
2026-07-21T15:40:16Z INF precheck complete hard_fail=false run_id=f11d4c9b-104a-4f11-ab1d-1d45850c3195 suggested_protocol=http2
