2026-07-12T11:26:09Z INF Thank you for trying Cloudflare Tunnel. Doing so, without a Cloudflare account, is a quick way to experiment and try it out. However, be aware that these account-less Tunnels have no uptime guarantee, are subject to the Cloudflare Online Services Terms of Use (https://www.cloudflare.com/website-terms/), and Cloudflare reserves the right to investigate your use of Tunnels for violations of such terms. If you intend to use Tunnels in production you should use a pre-created named tunnel by following: https://developers.cloudflare.com/cloudflare-one/connections/connect-apps
2026-07-12T11:26:09Z INF Requesting new quick Tunnel on trycloudflare.com...
2026-07-12T11:26:16Z INF +--------------------------------------------------------------------------------------------+
2026-07-12T11:26:16Z INF |  Your quick Tunnel has been created! Visit it at (it may take some time to be reachable):  |
2026-07-12T11:26:16Z INF |  https://cake-goals-plumbing-copied.trycloudflare.com                                      |
2026-07-12T11:26:16Z INF +--------------------------------------------------------------------------------------------+
2026-07-12T11:26:16Z INF Cannot determine default configuration path. No file [config.yml config.yaml] in [~/.cloudflared ~/.cloudflare-warp ~/cloudflare-warp /etc/cloudflared /usr/local/etc/cloudflared]
2026-07-12T11:26:16Z INF Version 2026.6.1 (Checksum ae6ee90188ae5833c687ce937c3693e28403677607c06c65a2ff2b6a022f50e4)
2026-07-12T11:26:16Z INF GOOS: darwin, GOVersion: go1.26.2, GoArch: arm64
2026-07-12T11:26:16Z INF Settings: map[ha-connections:1 p:http2 protocol:http2 url:http://localhost:8010]
2026-07-12T11:26:16Z INF Autoupdate frequency is set autoupdateFreq=86400000
2026-07-12T11:26:16Z INF Generated Connector ID: a72a4d63-6c3a-40b3-9bb3-93f31fc57782
2026-07-12T11:26:16Z INF Initial protocol http2
2026-07-12T11:26:16Z INF ICMP proxy will use 172.20.10.3 as source for IPv4
2026-07-12T11:26:16Z INF ICMP proxy will use fe80::99:d519:4285:245b in zone en0 as source for IPv6
2026-07-12T11:26:16Z INF Created ICMP proxy listening on 172.20.10.3:0
2026-07-12T11:26:16Z INF ICMP proxy will use 172.20.10.3 as source for IPv4
2026-07-12T11:26:16Z INF ICMP proxy will use fe80::99:d519:4285:245b in zone en0 as source for IPv6
2026-07-12T11:26:16Z INF Starting metrics server on 127.0.0.1:20241/metrics
2026-07-12T11:26:16Z INF Tunnel connection curve preferences: [X25519MLKEM768 CurveID(65074) CurveP256] connIndex=0 event=0 ip=2606:4700:a8::2
2026-07-12T11:26:16Z INF +--------------------------------------------------------------------------------------+
2026-07-12T11:26:16Z INF |                               CONNECTIVITY PRE-CHECKS                                |
2026-07-12T11:26:16Z INF +--------------------------------------------------------------------------------------+
2026-07-12T11:26:16Z INF |  COMPONENT         TARGET                     STATUS  DETAILS                        |
2026-07-12T11:26:16Z INF |  DNS Resolution    region1.v2.argotunnel.com  PASS    DNS Resolved successfully      |
2026-07-12T11:26:16Z INF |  DNS Resolution    region2.v2.argotunnel.com  PASS    DNS Resolved successfully      |
2026-07-12T11:26:16Z INF |  UDP Connectivity  region1.v2.argotunnel.com  PASS    QUIC connection successful     |
2026-07-12T11:26:16Z INF |  UDP Connectivity  region2.v2.argotunnel.com  PASS    QUIC connection successful     |
2026-07-12T11:26:16Z INF |  TCP Connectivity  region1.v2.argotunnel.com  PASS    HTTP/2 connection successful   |
2026-07-12T11:26:16Z INF |  TCP Connectivity  region2.v2.argotunnel.com  PASS    HTTP/2 connection successful   |
2026-07-12T11:26:16Z INF |  Cloudflare API    api.cloudflare.com:443     PASS    API is reachable               |
2026-07-12T11:26:16Z INF |                                                                                      |
2026-07-12T11:26:16Z INF |  SUMMARY: Environment is healthy. cloudflared will use 'http2' as primary protocol.  |
2026-07-12T11:26:16Z INF +--------------------------------------------------------------------------------------+
2026-07-12T11:26:16Z INF precheck component="DNS Resolution" details="DNS Resolved successfully" run_id=7163c0ec-5e41-49d3-84d7-6a677c859313 status=pass target=region1.v2.argotunnel.com
2026-07-12T11:26:16Z INF precheck component="DNS Resolution" details="DNS Resolved successfully" run_id=7163c0ec-5e41-49d3-84d7-6a677c859313 status=pass target=region2.v2.argotunnel.com
2026-07-12T11:26:16Z INF precheck component="UDP Connectivity" details="QUIC connection successful" run_id=7163c0ec-5e41-49d3-84d7-6a677c859313 status=pass target=region1.v2.argotunnel.com
2026-07-12T11:26:16Z INF precheck component="UDP Connectivity" details="QUIC connection successful" run_id=7163c0ec-5e41-49d3-84d7-6a677c859313 status=pass target=region2.v2.argotunnel.com
2026-07-12T11:26:16Z INF precheck component="TCP Connectivity" details="HTTP/2 connection successful" run_id=7163c0ec-5e41-49d3-84d7-6a677c859313 status=pass target=region1.v2.argotunnel.com
2026-07-12T11:26:16Z INF precheck component="TCP Connectivity" details="HTTP/2 connection successful" run_id=7163c0ec-5e41-49d3-84d7-6a677c859313 status=pass target=region2.v2.argotunnel.com
2026-07-12T11:26:16Z INF precheck component="Cloudflare API" details="API is reachable" run_id=7163c0ec-5e41-49d3-84d7-6a677c859313 status=pass target=api.cloudflare.com:443
2026-07-12T11:26:16Z INF precheck complete hard_fail=false run_id=7163c0ec-5e41-49d3-84d7-6a677c859313 suggested_protocol=http2
2026-07-12T11:26:17Z INF Registered tunnel connection connIndex=0 connection=2ec0bc9b-da24-4d07-856c-30a61c5d8169 event=0 ip=2606:4700:a8::2 location=del06 protocol=http2
2026-07-12T11:27:30Z INF Initiating graceful shutdown due to signal terminated ...
2026-07-12T11:27:31Z INF Unregistered tunnel connection connIndex=0 event=0 ip=2606:4700:a8::2
2026-07-12T11:27:31Z INF Retrying connection in up to 1s connIndex=0 event=0 ip=2606:4700:a8::2
2026-07-12T11:27:31Z ERR Connection terminated connIndex=0
2026-07-12T11:27:31Z ERR no more connections active and exiting
2026-07-12T11:27:31Z INF Tunnel server stopped
2026-07-12T11:27:31Z INF Metrics server stopped
